
Circuit 1 cell nfet_03v3 and Circuit 2 cell nfet_03v3 are black boxes.
Equate elements:  no current cell.
Device classes nfet_03v3 and nfet_03v3 are equivalent.

Circuit 1 cell pfet_03v3 and Circuit 2 cell pfet_03v3 are black boxes.
Equate elements:  no current cell.
Device classes pfet_03v3 and pfet_03v3 are equivalent.
Flattening unmatched subcell nmos_3p3_GGGST2 in circuit Inverter_Layout.spice (1)(1 instance)
Flattening unmatched subcell pmos_3p3_MNVUAR in circuit Inverter_Layout.spice (1)(1 instance)

Subcircuit summary:
Circuit 1: Inverter.spice                  |Circuit 2: Inverter_Layout.spice           
-------------------------------------------|-------------------------------------------
pfet_03v3 (1)                              |pfet_03v3 (1)                              
nfet_03v3 (1)                              |nfet_03v3 (1)                              
Number of devices: 2                       |Number of devices: 2                       
Number of nets: 4                          |Number of nets: 4                          
---------------------------------------------------------------------------------------
Netlists match uniquely.
Cells have no pins;  pin matching not needed.
Device classes Inverter.spice and Inverter_Layout.spice are equivalent.

Final result: Circuits match uniquely.
.
