
Circuit 1 cell pfet_03v3 and Circuit 2 cell pfet_03v3 are black boxes.
Equate elements:  no current cell.
Device classes pfet_03v3 and pfet_03v3 are equivalent.

Circuit 1 cell nfet_03v3 and Circuit 2 cell nfet_03v3 are black boxes.
Equate elements:  no current cell.
Device classes nfet_03v3 and nfet_03v3 are equivalent.
Flattening unmatched subcell pmos_3p3_MEVUAR in circuit OR_2_In_Layout.spice (0)(2 instances)
Flattening unmatched subcell nmos_3p3_GGGST2 in circuit OR_2_In_Layout.spice (0)(3 instances)
Flattening unmatched subcell pmos_3p3_MNVUAR in circuit OR_2_In_Layout.spice (0)(1 instance)

Class OR_2_In_Layout.spice (0):  Merged 2 parallel devices.
Subcircuit summary:
Circuit 1: OR_2_In_Layout.spice            |Circuit 2: OR_2_Input.spice                
-------------------------------------------|-------------------------------------------
pfet_03v3 (5->3)                           |pfet_03v3 (3)                              
nfet_03v3 (3)                              |nfet_03v3 (3)                              
Number of devices: 6                       |Number of devices: 6                       
Number of nets: 7                          |Number of nets: 7                          
---------------------------------------------------------------------------------------
Netlists match uniquely.
Cells have no pins;  pin matching not needed.
Device classes OR_2_In_Layout.spice and OR_2_Input.spice are equivalent.

Final result: Circuits match uniquely.
.
