
Circuit 1 cell pfet_03v3 and Circuit 2 cell pfet_03v3 are black boxes.
Equate elements:  no current cell.
Device classes pfet_03v3 and pfet_03v3 are equivalent.

Circuit 1 cell nfet_03v3 and Circuit 2 cell nfet_03v3 are black boxes.
Equate elements:  no current cell.
Device classes nfet_03v3 and nfet_03v3 are equivalent.

Circuit 1 cell cap_mim_2f0_m4m5_noshield and Circuit 2 cell cap_mim_2f0_m4m5_noshield are black boxes.
Equate elements:  no current cell.
Device classes cap_mim_2f0_m4m5_noshield and cap_mim_2f0_m4m5_noshield are equivalent.

Circuit 1 cell ppolyf_u and Circuit 2 cell ppolyf_u are black boxes.
Equate elements:  no current cell.
Device classes ppolyf_u and ppolyf_u are equivalent.
Flattening unmatched subcell Transmission_Gate_Layout in circuit trans_block_mag.spice (0)(10 instances)
Flattening unmatched subcell pmos_3p3_METUKR in circuit trans_block_mag.spice (0)(10 instances)
Flattening unmatched subcell nmos_3p3_RZHRT2 in circuit trans_block_mag.spice (0)(10 instances)
Flattening unmatched subcell nmos_3p3_Y4JRT2 in circuit trans_block_mag.spice (0)(10 instances)
Flattening unmatched subcell pmos_3p3_M6SUKR in circuit trans_block_mag.spice (0)(10 instances)
Flattening unmatched subcell ppolyf_u_RKAYB7 in circuit trans_block_mag.spice (0)(5 instances)
Flattening unmatched subcell pfet_03v3_9DZW5M in circuit trans_block_mag.spice (0)(1 instance)
Flattening unmatched subcell fold_cascode_opamp_mag in circuit trans_block_mag.spice (0)(2 instances)
Flattening unmatched subcell pmos_3p3_9K6RD7 in circuit trans_block_mag.spice (0)(48 instances)
Flattening unmatched subcell pmos_3p3_MA2VAR#0 in circuit trans_block_mag.spice (0)(64 instances)
Flattening unmatched subcell pmos_3p3_VK6RD7 in circuit trans_block_mag.spice (0)(16 instances)
Flattening unmatched subcell pmos_3p3_HWZ2RY in circuit trans_block_mag.spice (0)(6 instances)
Flattening unmatched subcell nmos_3p3_276RTJ#0 in circuit trans_block_mag.spice (0)(24 instances)
Flattening unmatched subcell nmos_3p3_M86RTJ#0 in circuit trans_block_mag.spice (0)(80 instances)
Flattening unmatched subcell pmos_3p3_MAJNAR in circuit trans_block_mag.spice (0)(12 instances)
Flattening unmatched subcell pmos_3p3_VTYQD7 in circuit trans_block_mag.spice (0)(6 instances)
Flattening unmatched subcell cap_mim_2p0fF_XHV85N in circuit trans_block_mag.spice (0)(2 instances)
Flattening unmatched subcell nmos_3p3_NQ5EG7 in circuit trans_block_mag.spice (0)(4 instances)
Flattening unmatched subcell nmos_3p3_QNHHV5 in circuit trans_block_mag.spice (0)(16 instances)
Flattening unmatched subcell nmos_3p3_4F3WC4 in circuit trans_block_mag.spice (0)(4 instances)
Flattening unmatched subcell pmos_3p3_H6V2RY in circuit trans_block_mag.spice (0)(4 instances)
Flattening unmatched subcell pmos_3p3_M22VUP in circuit trans_block_mag.spice (0)(8 instances)
Flattening unmatched subcell pmos_3p3_M22VAR#0 in circuit trans_block_mag.spice (0)(20 instances)
Flattening unmatched subcell nmos_3p3_5F3WC4 in circuit trans_block_mag.spice (0)(2 instances)
Flattening unmatched subcell pmos_3p3_M2JNAR in circuit trans_block_mag.spice (0)(6 instances)
Flattening unmatched subcell pmos_3p3_MJGNAR in circuit trans_block_mag.spice (0)(12 instances)
Flattening unmatched subcell nmos_3p3_676RTJ in circuit trans_block_mag.spice (0)(4 instances)
Flattening unmatched subcell ppolyf_u_WRMTN3 in circuit trans_block_mag.spice (0)(2 instances)
Flattening unmatched subcell nmos_3p3_M56RTJ in circuit trans_block_mag.spice (0)(8 instances)
Flattening unmatched subcell pmos_3p3_9BLZD7 in circuit trans_block_mag.spice (0)(2 instances)
Flattening unmatched subcell nmos_3p3_N3WVC4 in circuit trans_block_mag.spice (0)(4 instances)
Flattening unmatched subcell Folded_Diff_Op_Amp_Layout in circuit trans_block_mag.spice (0)(1 instance)
Flattening unmatched subcell pmos_3p3_ME7U2H in circuit trans_block_mag.spice (0)(32 instances)
Flattening unmatched subcell pmos_3p3_MA2VAR in circuit trans_block_mag.spice (0)(112 instances)
Flattening unmatched subcell nmos_3p3_876RT2 in circuit trans_block_mag.spice (0)(12 instances)
Flattening unmatched subcell nmos_3p3_3A6RT2 in circuit trans_block_mag.spice (0)(27 instances)
Flattening unmatched subcell nmos_3p3_7WQWW2 in circuit trans_block_mag.spice (0)(36 instances)
Flattening unmatched subcell pmos_3p3_M22VAR in circuit trans_block_mag.spice (0)(196 instances)
Flattening unmatched subcell pmos_3p3_MNS6FR in circuit trans_block_mag.spice (0)(18 instances)
Flattening unmatched subcell nmos_3p3_M86RTJ in circuit trans_block_mag.spice (0)(72 instances)
Flattening unmatched subcell nmos_3p3_276RTJ in circuit trans_block_mag.spice (0)(54 instances)
Flattening unmatched subcell nmos_3p3_2F3WC4 in circuit trans_block_mag.spice (0)(2 instances)
Flattening unmatched subcell ppolyf_u_2VJWHK in circuit trans_block_mag.spice (0)(8 instances)
Flattening unmatched subcell nmos_3p3_NE3WC4 in circuit trans_block_mag.spice (0)(3 instances)
Flattening unmatched subcell nmos_3p3_EA6RT2 in circuit trans_block_mag.spice (0)(7 instances)
Flattening unmatched subcell pmos_3p3_5L6RD7 in circuit trans_block_mag.spice (0)(2 instances)
Flattening unmatched subcell nmos_3p3_S75EG7 in circuit trans_block_mag.spice (0)(1 instance)
Flattening unmatched subcell nmos_3p3_5J7TC4 in circuit trans_block_mag.spice (0)(2 instances)
Flattening unmatched subcell pmos_3p3_MYZUAR in circuit trans_block_mag.spice (0)(7 instances)
Flattening unmatched subcell pmos_3p3_MAEVAR in circuit trans_block_mag.spice (0)(1 instance)
Flattening unmatched subcell pmos_3p3_MES6FR in circuit trans_block_mag.spice (0)(24 instances)
Flattening unmatched subcell pmos_3p3_RKK9DS in circuit trans_block_mag.spice (0)(1 instance)
Flattening unmatched subcell cap_mim_2p0fF_3FUNHB in circuit trans_block_mag.spice (0)(2 instances)
Flattening unmatched subcell pmos_3p3_5UYQD7 in circuit trans_block_mag.spice (0)(1 instance)
Flattening unmatched subcell pmos_3p3_5LZQD7 in circuit trans_block_mag.spice (0)(2 instances)
Flattening unmatched subcell pmos_3p3_5C3RD7 in circuit trans_block_mag.spice (0)(1 instance)
Flattening unmatched subcell pmos_3p3_HMY8L7 in circuit trans_block_mag.spice (0)(1 instance)
Flattening unmatched subcell pmos_3p3_K823KY in circuit trans_block_mag.spice (0)(1 instance)
Flattening unmatched subcell nmos_3p3_JE3WC4 in circuit trans_block_mag.spice (0)(2 instances)
Flattening unmatched subcell nmos_3p3_U56RT2 in circuit trans_block_mag.spice (0)(1 instance)
Flattening unmatched subcell ppolyf_u_2V2ZHK in circuit trans_block_mag.spice (0)(8 instances)
Flattening unmatched subcell nmos_3p3_UUQWW2 in circuit trans_block_mag.spice (0)(48 instances)
Flattening unmatched subcell pmos_3p3_M2NNAR in circuit trans_block_mag.spice (0)(2 instances)
Flattening unmatched subcell pmos_3p3_MQ2VAR in circuit trans_block_mag.spice (0)(2 instances)
Flattening unmatched subcell pmos_3p3_MN7U2H in circuit trans_block_mag.spice (0)(24 instances)
Flattening unmatched subcell ppolyf_u_RRG95T in circuit trans_block_mag.spice (0)(2 instances)
Flattening unmatched subcell nmos_3p3_FSHHD6 in circuit trans_block_mag.spice (0)(1 instance)
Flattening unmatched subcell nmos_3p3_V56RT2 in circuit trans_block_mag.spice (0)(1 instance)
Flattening unmatched subcell pmos_3p3_HDY8L7 in circuit trans_block_mag.spice (0)(2 instances)
Flattening unmatched subcell pmos_3p3_Q3NTJU in circuit trans_block_mag.spice (0)(1 instance)
Flattening unmatched subcell nmos_3p3_QNHHD6 in circuit trans_block_mag.spice (0)(1 instance)
Flattening unmatched subcell pfet_03v3_6DHECV in circuit trans_block_mag.spice (0)(1 instance)
Flattening unmatched subcell nmos_3p3_6F3WC4 in circuit trans_block_mag.spice (0)(3 instances)
Flattening unmatched subcell ppolyf_u_RKG95T in circuit trans_block_mag.spice (0)(4 instances)
Flattening unmatched subcell nmos_3p3_BSHHD6 in circuit trans_block_mag.spice (0)(1 instance)
Flattening unmatched subcell pmos_3p3_MANNAR in circuit trans_block_mag.spice (0)(2 instances)
Flattening unmatched subcell pmos_3p3_MEKUKR in circuit trans_block_mag.spice (0)(2 instances)
Flattening unmatched subcell nmos_3p3_3AEFT2 in circuit trans_block_mag.spice (0)(1 instance)
Flattening unmatched subcell pmos_3p3_M82RNG in circuit trans_block_mag.spice (0)(2 instances)
Flattening unmatched subcell nfet_03v3_DNLN9V in circuit trans_block_mag.spice (0)(1 instance)
Flattening unmatched subcell Transmission_Gate in circuit transimpedence_block.spice (1)(10 instances)
Flattening unmatched subcell resis_7_5k in circuit transimpedence_block.spice (1)(10 instances)
Flattening unmatched subcell folded_single in circuit transimpedence_block.spice (1)(2 instances)
Flattening unmatched subcell Folded_Cascode_Diff in circuit transimpedence_block.spice (1)(1 instance)

Class trans_block_mag.spice (0):  Merged 2683 parallel devices.
Class trans_block_mag.spice (0):  Merged 62 series devices.
Class transimpedence_block.spice (1):  Merged 77 parallel devices.
Class transimpedence_block.spice (1):  Merged 62 series devices.
Subcircuit summary:
Circuit 1: trans_block_mag.spice           |Circuit 2: transimpedence_block.spice      
-------------------------------------------|-------------------------------------------
pfet_03v3 (1706->88)                       |pfet_03v3 (127->88)                        
nfet_03v3 (1104->76)                       |nfet_03v3 (87->76)                         
ppolyf_u (108->13)                         |ppolyf_u (102->13)                         
cap_mim_2f0_m4m5_noshield (8->4)           |cap_mim_2f0_m4m5_noshield (8->4)           
Number of devices: 181                     |Number of devices: 181                     
Number of nets: 85                         |Number of nets: 85                         
---------------------------------------------------------------------------------------
Resolving symmetries by property value.
Resolving symmetries by pin name.
Netlists match with 98 symmetries.
Cells have no pins;  pin matching not needed.
Device classes trans_block_mag.spice and transimpedence_block.spice are equivalent.

Final result: Circuits match uniquely.
.
