
Circuit 1 cell ppolyf_u and Circuit 2 cell ppolyf_u are black boxes.
Equate elements:  no current cell.
Device classes ppolyf_u and ppolyf_u are equivalent.

Circuit 1 cell pfet_03v3 and Circuit 2 cell pfet_03v3 are black boxes.
Equate elements:  no current cell.
Device classes pfet_03v3 and pfet_03v3 are equivalent.

Circuit 1 cell nfet_03v3 and Circuit 2 cell nfet_03v3 are black boxes.
Equate elements:  no current cell.
Device classes nfet_03v3 and nfet_03v3 are equivalent.

Circuit 1 cell cap_mim_2f0_m4m5_noshield and Circuit 2 cell cap_mim_2f0_m4m5_noshield are black boxes.
Equate elements:  no current cell.
Device classes cap_mim_2f0_m4m5_noshield and cap_mim_2f0_m4m5_noshield are equivalent.
Flattening unmatched subcell 200_OHM in circuit AWG_MUX_FINAL.spice (0)(1 instance)
Flattening unmatched subcell folded_single in circuit AWG_MUX_FINAL.spice (0)(2 instances)
Flattening unmatched subcell filter_final in circuit AWG_MUX_FINAL.spice (0)(1 instance)
Flattening unmatched subcell Folded_Cascode_Diff in circuit AWG_MUX_FINAL.spice (0)(1 instance)
Flattening unmatched subcell mux_1 in circuit AWG_MUX_FINAL.spice (0)(2 instances)
Flattening unmatched subcell GF_INV in circuit AWG_MUX_FINAL.spice (0)(6 instances)
Flattening unmatched subcell TGate in circuit AWG_MUX_FINAL.spice (0)(28 instances)
Flattening unmatched subcell TG_GATE_SWITCH in circuit AWG_MUX_FINAL.spice (0)(16 instances)
Flattening unmatched subcell PGA_FINAL in circuit AWG_MUX_FINAL.spice (0)(1 instance)
Flattening unmatched subcell Folded_Cascode_Diff in circuit AWG_MUX_FINAL.spice (0)(1 instance)
Flattening unmatched subcell pga_res_parallel in circuit AWG_MUX_FINAL.spice (0)(2 instances)
Flattening unmatched subcell TGATE_PGA in circuit AWG_MUX_FINAL.spice (0)(12 instances)
Flattening unmatched subcell PGA_DECODER_4 in circuit AWG_MUX_FINAL.spice (0)(1 instance)
Flattening unmatched subcell AND3 in circuit AWG_MUX_FINAL.spice (0)(5 instances)
Flattening unmatched subcell OR in circuit AWG_MUX_FINAL.spice (0)(1 instance)
Flattening unmatched subcell INVERTER in circuit AWG_MUX_FINAL.spice (0)(3 instances)
Flattening unmatched subcell AND_SHC in circuit AWG_MUX_FINAL.spice (0)(1 instance)
Flattening unmatched subcell RES_VCM_1.3 in circuit AWG_MUX_FINAL.spice (0)(1 instance)
Flattening unmatched subcell RES_VCM_1.6 in circuit AWG_MUX_FINAL.spice (0)(1 instance)
Flattening unmatched subcell mioor_opamp_single in circuit AWG_MUX_FINAL.spice (0)(2 instances)
Flattening unmatched subcell PGA_MAGIC in circuit AWG_MUX_MAGIC.spice (1)(1 instance)
Flattening unmatched subcell pmos_3p3_ME7U2H in circuit AWG_MUX_MAGIC.spice (1)(32 instances)
Flattening unmatched subcell pmos_3p3_MA2VAR in circuit AWG_MUX_MAGIC.spice (1)(112 instances)
Flattening unmatched subcell nmos_3p3_876RT2 in circuit AWG_MUX_MAGIC.spice (1)(12 instances)
Flattening unmatched subcell nmos_3p3_3A6RT2 in circuit AWG_MUX_MAGIC.spice (1)(27 instances)
Flattening unmatched subcell nmos_3p3_7WQWW2 in circuit AWG_MUX_MAGIC.spice (1)(36 instances)
Flattening unmatched subcell pmos_3p3_M22VAR in circuit AWG_MUX_MAGIC.spice (1)(196 instances)
Flattening unmatched subcell pmos_3p3_MNS6FR in circuit AWG_MUX_MAGIC.spice (1)(18 instances)
Flattening unmatched subcell nmos_3p3_M86RTJ in circuit AWG_MUX_MAGIC.spice (1)(72 instances)
Flattening unmatched subcell nmos_3p3_276RTJ in circuit AWG_MUX_MAGIC.spice (1)(54 instances)
Flattening unmatched subcell nmos_3p3_2F3WC4 in circuit AWG_MUX_MAGIC.spice (1)(2 instances)
Flattening unmatched subcell nmos_3p3_NE3WC4 in circuit AWG_MUX_MAGIC.spice (1)(3 instances)
Flattening unmatched subcell ppolyf_u_2VJWHK in circuit AWG_MUX_MAGIC.spice (1)(8 instances)
Flattening unmatched subcell nmos_3p3_EA6RT2 in circuit AWG_MUX_MAGIC.spice (1)(7 instances)
Flattening unmatched subcell pmos_3p3_5L6RD7 in circuit AWG_MUX_MAGIC.spice (1)(2 instances)
Flattening unmatched subcell nmos_3p3_S75EG7 in circuit AWG_MUX_MAGIC.spice (1)(1 instance)
Flattening unmatched subcell nmos_3p3_5J7TC4 in circuit AWG_MUX_MAGIC.spice (1)(2 instances)
Flattening unmatched subcell pmos_3p3_MYZUAR in circuit AWG_MUX_MAGIC.spice (1)(7 instances)
Flattening unmatched subcell TGATE_PGA_MAGIC in circuit AWG_MUX_MAGIC.spice (1)(12 instances)
Flattening unmatched subcell nfet_03v3_DNL5WS in circuit AWG_MUX_MAGIC.spice (1)(12 instances)
Flattening unmatched subcell pfet_03v3_6DZECV in circuit AWG_MUX_MAGIC.spice (1)(24 instances)
Flattening unmatched subcell nfet_03v3_DNQ7WS in circuit AWG_MUX_MAGIC.spice (1)(12 instances)
Flattening unmatched subcell pga_res_magice_parallel in circuit AWG_MUX_MAGIC.spice (1)(2 instances)
Flattening unmatched subcell pag_res_magic in circuit AWG_MUX_MAGIC.spice (1)(4 instances)
Flattening unmatched subcell ppolyf_u_VRC5QE in circuit AWG_MUX_MAGIC.spice (1)(12 instances)
Flattening unmatched subcell pmos_3p3_MAEVAR in circuit AWG_MUX_MAGIC.spice (1)(1 instance)
Flattening unmatched subcell pmos_3p3_MES6FR in circuit AWG_MUX_MAGIC.spice (1)(24 instances)
Flattening unmatched subcell pmos_3p3_RKK9DS in circuit AWG_MUX_MAGIC.spice (1)(1 instance)
Flattening unmatched subcell cap_mim_2p0fF_3FUNHB in circuit AWG_MUX_MAGIC.spice (1)(2 instances)
Flattening unmatched subcell pmos_3p3_5UYQD7 in circuit AWG_MUX_MAGIC.spice (1)(1 instance)
Flattening unmatched subcell pmos_3p3_5LZQD7 in circuit AWG_MUX_MAGIC.spice (1)(2 instances)
Flattening unmatched subcell pmos_3p3_5C3RD7 in circuit AWG_MUX_MAGIC.spice (1)(1 instance)
Flattening unmatched subcell pmos_3p3_HMY8L7 in circuit AWG_MUX_MAGIC.spice (1)(1 instance)
Flattening unmatched subcell pmos_3p3_K823KY in circuit AWG_MUX_MAGIC.spice (1)(1 instance)
Flattening unmatched subcell nmos_3p3_U56RT2 in circuit AWG_MUX_MAGIC.spice (1)(1 instance)
Flattening unmatched subcell nmos_3p3_JE3WC4 in circuit AWG_MUX_MAGIC.spice (1)(2 instances)
Flattening unmatched subcell ppolyf_u_2V2ZHK in circuit AWG_MUX_MAGIC.spice (1)(8 instances)
Flattening unmatched subcell nmos_3p3_UUQWW2 in circuit AWG_MUX_MAGIC.spice (1)(48 instances)
Flattening unmatched subcell pmos_3p3_M2NNAR in circuit AWG_MUX_MAGIC.spice (1)(2 instances)
Flattening unmatched subcell PGA_DECODER_magic in circuit AWG_MUX_MAGIC.spice (1)(1 instance)
Flattening unmatched subcell INVERTER_magic in circuit AWG_MUX_MAGIC.spice (1)(3 instances)
Flattening unmatched subcell pmos_3p3_MGRCNG in circuit AWG_MUX_MAGIC.spice (1)(3 instances)
Flattening unmatched subcell nmos_3p3_H9QVWA in circuit AWG_MUX_MAGIC.spice (1)(6 instances)
Flattening unmatched subcell AND in circuit AWG_MUX_MAGIC.spice (1)(1 instance)
Flattening unmatched subcell nmos_3p3_H9QVWA in circuit AWG_MUX_MAGIC.spice (1)(1 instance)
Flattening unmatched subcell nmos_3p3_49QVWA in circuit AWG_MUX_MAGIC.spice (1)(2 instances)
Flattening unmatched subcell pmos_3p3_M8RWPS in circuit AWG_MUX_MAGIC.spice (1)(3 instances)
Flattening unmatched subcell OR_magic in circuit AWG_MUX_MAGIC.spice (1)(1 instance)
Flattening unmatched subcell nmos_3p3_H9QVWA in circuit AWG_MUX_MAGIC.spice (1)(3 instances)
Flattening unmatched subcell pmos_3p3_M8RCNG in circuit AWG_MUX_MAGIC.spice (1)(11 instances)
Flattening unmatched subcell AND_3_magic in circuit AWG_MUX_MAGIC.spice (1)(5 instances)
Flattening unmatched subcell pmos_3p3_MGRCNG in circuit AWG_MUX_MAGIC.spice (1)(20 instances)
Flattening unmatched subcell nmos_3p3_H9QVWA in circuit AWG_MUX_MAGIC.spice (1)(5 instances)
Flattening unmatched subcell pmos_3p3_M8RCNG in circuit AWG_MUX_MAGIC.spice (1)(10 instances)
Flattening unmatched subcell nmos_3p3_F9QVWA in circuit AWG_MUX_MAGIC.spice (1)(15 instances)
Flattening unmatched subcell pmos_3p3_MQ2VAR in circuit AWG_MUX_MAGIC.spice (1)(2 instances)
Flattening unmatched subcell pmos_3p3_MN7U2H in circuit AWG_MUX_MAGIC.spice (1)(24 instances)
Flattening unmatched subcell ppolyf_u_RRG95T in circuit AWG_MUX_MAGIC.spice (1)(2 instances)
Flattening unmatched subcell nmos_3p3_FSHHD6 in circuit AWG_MUX_MAGIC.spice (1)(1 instance)
Flattening unmatched subcell nmos_3p3_V56RT2 in circuit AWG_MUX_MAGIC.spice (1)(1 instance)
Flattening unmatched subcell pmos_3p3_HDY8L7 in circuit AWG_MUX_MAGIC.spice (1)(2 instances)
Flattening unmatched subcell pmos_3p3_Q3NTJU in circuit AWG_MUX_MAGIC.spice (1)(1 instance)
Flattening unmatched subcell nmos_3p3_QNHHD6 in circuit AWG_MUX_MAGIC.spice (1)(1 instance)
Flattening unmatched subcell pfet_03v3_6DHECV in circuit AWG_MUX_MAGIC.spice (1)(1 instance)
Flattening unmatched subcell nmos_3p3_6F3WC4 in circuit AWG_MUX_MAGIC.spice (1)(3 instances)
Flattening unmatched subcell ppolyf_u_RKG95T in circuit AWG_MUX_MAGIC.spice (1)(4 instances)
Flattening unmatched subcell nmos_3p3_BSHHD6 in circuit AWG_MUX_MAGIC.spice (1)(1 instance)
Flattening unmatched subcell pmos_3p3_MANNAR in circuit AWG_MUX_MAGIC.spice (1)(2 instances)
Flattening unmatched subcell pmos_3p3_MEKUKR in circuit AWG_MUX_MAGIC.spice (1)(2 instances)
Flattening unmatched subcell nmos_3p3_3AEFT2 in circuit AWG_MUX_MAGIC.spice (1)(1 instance)
Flattening unmatched subcell pmos_3p3_M82RNG in circuit AWG_MUX_MAGIC.spice (1)(2 instances)
Flattening unmatched subcell VCM_1.3V_magic in circuit AWG_MUX_MAGIC.spice (1)(1 instance)
Flattening unmatched subcell ppolyf_u_3VY3SR in circuit AWG_MUX_MAGIC.spice (1)(1 instance)
Flattening unmatched subcell fold_cascode_opamp_mag in circuit AWG_MUX_MAGIC.spice (1)(2 instances)
Flattening unmatched subcell pmos_3p3_9K6RD7 in circuit AWG_MUX_MAGIC.spice (1)(48 instances)
Flattening unmatched subcell pmos_3p3_MA2VAR in circuit AWG_MUX_MAGIC.spice (1)(64 instances)
Flattening unmatched subcell pmos_3p3_VK6RD7 in circuit AWG_MUX_MAGIC.spice (1)(16 instances)
Flattening unmatched subcell pmos_3p3_HWZ2RY in circuit AWG_MUX_MAGIC.spice (1)(6 instances)
Flattening unmatched subcell nmos_3p3_276RTJ in circuit AWG_MUX_MAGIC.spice (1)(24 instances)
Flattening unmatched subcell nmos_3p3_M86RTJ in circuit AWG_MUX_MAGIC.spice (1)(80 instances)
Flattening unmatched subcell pmos_3p3_MAJNAR in circuit AWG_MUX_MAGIC.spice (1)(12 instances)
Flattening unmatched subcell pmos_3p3_VTYQD7 in circuit AWG_MUX_MAGIC.spice (1)(6 instances)
Flattening unmatched subcell cap_mim_2p0fF_XHV85N in circuit AWG_MUX_MAGIC.spice (1)(2 instances)
Flattening unmatched subcell nmos_3p3_NQ5EG7 in circuit AWG_MUX_MAGIC.spice (1)(4 instances)
Flattening unmatched subcell nmos_3p3_QNHHV5 in circuit AWG_MUX_MAGIC.spice (1)(16 instances)
Flattening unmatched subcell nmos_3p3_4F3WC4 in circuit AWG_MUX_MAGIC.spice (1)(4 instances)
Flattening unmatched subcell pmos_3p3_H6V2RY in circuit AWG_MUX_MAGIC.spice (1)(4 instances)
Flattening unmatched subcell pmos_3p3_M22VUP in circuit AWG_MUX_MAGIC.spice (1)(8 instances)
Flattening unmatched subcell pmos_3p3_M22VAR in circuit AWG_MUX_MAGIC.spice (1)(20 instances)
Flattening unmatched subcell nmos_3p3_5F3WC4 in circuit AWG_MUX_MAGIC.spice (1)(2 instances)
Flattening unmatched subcell pmos_3p3_M2JNAR in circuit AWG_MUX_MAGIC.spice (1)(6 instances)
Flattening unmatched subcell pmos_3p3_MJGNAR in circuit AWG_MUX_MAGIC.spice (1)(12 instances)
Flattening unmatched subcell nmos_3p3_676RTJ in circuit AWG_MUX_MAGIC.spice (1)(4 instances)
Flattening unmatched subcell ppolyf_u_WRMTN3 in circuit AWG_MUX_MAGIC.spice (1)(2 instances)
Flattening unmatched subcell nmos_3p3_M56RTJ in circuit AWG_MUX_MAGIC.spice (1)(8 instances)
Flattening unmatched subcell pmos_3p3_9BLZD7 in circuit AWG_MUX_MAGIC.spice (1)(2 instances)
Flattening unmatched subcell nmos_3p3_N3WVC4 in circuit AWG_MUX_MAGIC.spice (1)(4 instances)
Flattening unmatched subcell VCM_1.6_MAGIC in circuit AWG_MUX_MAGIC.spice (1)(1 instance)
Flattening unmatched subcell ppolyf_u_PVCJS8 in circuit AWG_MUX_MAGIC.spice (1)(1 instance)
Flattening unmatched subcell BIASING_CURRENT_MAGIC in circuit AWG_MUX_MAGIC.spice (1)(1 instance)
Flattening unmatched subcell nfet_03v3_CT75PZ in circuit AWG_MUX_MAGIC.spice (1)(8 instances)
Flattening unmatched subcell nfet_03v3_CTB5PZ in circuit AWG_MUX_MAGIC.spice (1)(4 instances)
Flattening unmatched subcell Filter_magic in circuit AWG_MUX_MAGIC.spice (1)(1 instance)
Flattening unmatched subcell Folded_Diff_Op_Amp_Layout in circuit AWG_MUX_MAGIC.spice (1)(1 instance)
Flattening unmatched subcell pmos_3p3_ME7U2H in circuit AWG_MUX_MAGIC.spice (1)(32 instances)
Flattening unmatched subcell pmos_3p3_MA2VAR in circuit AWG_MUX_MAGIC.spice (1)(112 instances)
Flattening unmatched subcell nmos_3p3_876RT2 in circuit AWG_MUX_MAGIC.spice (1)(12 instances)
Flattening unmatched subcell nmos_3p3_3A6RT2 in circuit AWG_MUX_MAGIC.spice (1)(27 instances)
Flattening unmatched subcell nmos_3p3_7WQWW2 in circuit AWG_MUX_MAGIC.spice (1)(36 instances)
Flattening unmatched subcell pmos_3p3_M22VAR in circuit AWG_MUX_MAGIC.spice (1)(196 instances)
Flattening unmatched subcell pmos_3p3_MNS6FR in circuit AWG_MUX_MAGIC.spice (1)(18 instances)
Flattening unmatched subcell nmos_3p3_M86RTJ in circuit AWG_MUX_MAGIC.spice (1)(72 instances)
Flattening unmatched subcell nmos_3p3_276RTJ in circuit AWG_MUX_MAGIC.spice (1)(54 instances)
Flattening unmatched subcell nmos_3p3_2F3WC4 in circuit AWG_MUX_MAGIC.spice (1)(2 instances)
Flattening unmatched subcell ppolyf_u_2VJWHK in circuit AWG_MUX_MAGIC.spice (1)(8 instances)
Flattening unmatched subcell nmos_3p3_NE3WC4 in circuit AWG_MUX_MAGIC.spice (1)(3 instances)
Flattening unmatched subcell nmos_3p3_EA6RT2 in circuit AWG_MUX_MAGIC.spice (1)(7 instances)
Flattening unmatched subcell pmos_3p3_5L6RD7 in circuit AWG_MUX_MAGIC.spice (1)(2 instances)
Flattening unmatched subcell nmos_3p3_S75EG7 in circuit AWG_MUX_MAGIC.spice (1)(1 instance)
Flattening unmatched subcell nmos_3p3_5J7TC4 in circuit AWG_MUX_MAGIC.spice (1)(2 instances)
Flattening unmatched subcell pmos_3p3_MYZUAR in circuit AWG_MUX_MAGIC.spice (1)(7 instances)
Flattening unmatched subcell pmos_3p3_MAEVAR in circuit AWG_MUX_MAGIC.spice (1)(1 instance)
Flattening unmatched subcell pmos_3p3_MES6FR in circuit AWG_MUX_MAGIC.spice (1)(24 instances)
Flattening unmatched subcell pmos_3p3_RKK9DS in circuit AWG_MUX_MAGIC.spice (1)(1 instance)
Flattening unmatched subcell cap_mim_2p0fF_3FUNHB in circuit AWG_MUX_MAGIC.spice (1)(2 instances)
Flattening unmatched subcell pmos_3p3_5UYQD7 in circuit AWG_MUX_MAGIC.spice (1)(1 instance)
Flattening unmatched subcell pmos_3p3_5LZQD7 in circuit AWG_MUX_MAGIC.spice (1)(2 instances)
Flattening unmatched subcell pmos_3p3_5C3RD7 in circuit AWG_MUX_MAGIC.spice (1)(1 instance)
Flattening unmatched subcell pmos_3p3_HMY8L7 in circuit AWG_MUX_MAGIC.spice (1)(1 instance)
Flattening unmatched subcell pmos_3p3_K823KY in circuit AWG_MUX_MAGIC.spice (1)(1 instance)
Flattening unmatched subcell nmos_3p3_JE3WC4 in circuit AWG_MUX_MAGIC.spice (1)(2 instances)
Flattening unmatched subcell nmos_3p3_U56RT2 in circuit AWG_MUX_MAGIC.spice (1)(1 instance)
Flattening unmatched subcell ppolyf_u_2V2ZHK in circuit AWG_MUX_MAGIC.spice (1)(8 instances)
Flattening unmatched subcell nmos_3p3_UUQWW2 in circuit AWG_MUX_MAGIC.spice (1)(48 instances)
Flattening unmatched subcell pmos_3p3_M2NNAR in circuit AWG_MUX_MAGIC.spice (1)(2 instances)
Flattening unmatched subcell pmos_3p3_MQ2VAR in circuit AWG_MUX_MAGIC.spice (1)(2 instances)
Flattening unmatched subcell pmos_3p3_MN7U2H in circuit AWG_MUX_MAGIC.spice (1)(24 instances)
Flattening unmatched subcell ppolyf_u_RRG95T in circuit AWG_MUX_MAGIC.spice (1)(2 instances)
Flattening unmatched subcell nmos_3p3_FSHHD6 in circuit AWG_MUX_MAGIC.spice (1)(1 instance)
Flattening unmatched subcell nmos_3p3_V56RT2 in circuit AWG_MUX_MAGIC.spice (1)(1 instance)
Flattening unmatched subcell pmos_3p3_HDY8L7 in circuit AWG_MUX_MAGIC.spice (1)(2 instances)
Flattening unmatched subcell pmos_3p3_Q3NTJU in circuit AWG_MUX_MAGIC.spice (1)(1 instance)
Flattening unmatched subcell nmos_3p3_QNHHD6 in circuit AWG_MUX_MAGIC.spice (1)(1 instance)
Flattening unmatched subcell pfet_03v3_6DHECV in circuit AWG_MUX_MAGIC.spice (1)(1 instance)
Flattening unmatched subcell nmos_3p3_6F3WC4 in circuit AWG_MUX_MAGIC.spice (1)(3 instances)
Flattening unmatched subcell ppolyf_u_RKG95T in circuit AWG_MUX_MAGIC.spice (1)(4 instances)
Flattening unmatched subcell nmos_3p3_BSHHD6 in circuit AWG_MUX_MAGIC.spice (1)(1 instance)
Flattening unmatched subcell pmos_3p3_MANNAR in circuit AWG_MUX_MAGIC.spice (1)(2 instances)
Flattening unmatched subcell pmos_3p3_MEKUKR in circuit AWG_MUX_MAGIC.spice (1)(2 instances)
Flattening unmatched subcell nmos_3p3_3AEFT2 in circuit AWG_MUX_MAGIC.spice (1)(1 instance)
Flattening unmatched subcell pmos_3p3_M82RNG in circuit AWG_MUX_MAGIC.spice (1)(2 instances)
Flattening unmatched subcell filter_res_magic in circuit AWG_MUX_MAGIC.spice (1)(1 instance)
Flattening unmatched subcell cap_mim_2p0fF_NEQE26 in circuit AWG_MUX_MAGIC.spice (1)(6 instances)
Flattening unmatched subcell ppolyf_u_6V6NLJ in circuit AWG_MUX_MAGIC.spice (1)(6 instances)
Flattening unmatched subcell x200_ohm_magic in circuit AWG_MUX_MAGIC.spice (1)(1 instance)
Flattening unmatched subcell ppolyf_u_S2N82J in circuit AWG_MUX_MAGIC.spice (1)(2 instances)
Flattening unmatched subcell BIASING_1m_MAGIC in circuit AWG_MUX_MAGIC.spice (1)(2 instances)
Flattening unmatched subcell pfet_03v3_GKYWHF in circuit AWG_MUX_MAGIC.spice (1)(2 instances)
Flattening unmatched subcell pfet_03v3_GKYJHF in circuit AWG_MUX_MAGIC.spice (1)(6 instances)
Flattening unmatched subcell nfet_03v3_U5DXAV in circuit AWG_MUX_MAGIC.spice (1)(4 instances)
Flattening unmatched subcell nfet_03v3_8Z2ENZ in circuit AWG_MUX_MAGIC.spice (1)(12 instances)
Flattening unmatched subcell MUX_1x8 in circuit AWG_MUX_MAGIC.spice (1)(2 instances)
Flattening unmatched subcell TG_magic in circuit AWG_MUX_MAGIC.spice (1)(28 instances)
Flattening unmatched subcell pmos_3p3_MNHNAR in circuit AWG_MUX_MAGIC.spice (1)(28 instances)
Flattening unmatched subcell nmos_3p3_K66RT2 in circuit AWG_MUX_MAGIC.spice (1)(28 instances)
Flattening unmatched subcell nmos_3p3_CU6RT2 in circuit AWG_MUX_MAGIC.spice (1)(28 instances)
Flattening unmatched subcell pmos_3p3_MENMAR in circuit AWG_MUX_MAGIC.spice (1)(28 instances)
Flattening unmatched subcell INVERTER_MUX in circuit AWG_MUX_MAGIC.spice (1)(6 instances)
Flattening unmatched subcell pmos_3p3_MWBYAR in circuit AWG_MUX_MAGIC.spice (1)(6 instances)
Flattening unmatched subcell nmos_3p3_MEGST2 in circuit AWG_MUX_MAGIC.spice (1)(6 instances)
Flattening unmatched subcell TG_GATE_SWITCH_magic in circuit AWG_MUX_MAGIC.spice (1)(16 instances)
Flattening unmatched subcell pmos_3p3_MNHNAR in circuit AWG_MUX_MAGIC.spice (1)(32 instances)
Flattening unmatched subcell nmos_3p3_K66RT2 in circuit AWG_MUX_MAGIC.spice (1)(32 instances)
Flattening unmatched subcell nmos_3p3_CU6RT2 in circuit AWG_MUX_MAGIC.spice (1)(16 instances)
Flattening unmatched subcell pmos_3p3_MENMAR in circuit AWG_MUX_MAGIC.spice (1)(16 instances)

Class AWG_MUX_FINAL.spice (0):  Merged 206 parallel devices.
Class AWG_MUX_FINAL.spice (0):  Merged 415 series devices.
Class AWG_MUX_FINAL.spice (0):  Merged 10 parallel devices.
Class AWG_MUX_MAGIC.spice (1):  Merged 5545 parallel devices.
Class AWG_MUX_MAGIC.spice (1):  Merged 415 series devices.
Class AWG_MUX_MAGIC.spice (1):  Merged 10 parallel devices.
Subcircuit summary:
Circuit 1: AWG_MUX_FINAL.spice             |Circuit 2: AWG_MUX_MAGIC.spice             
-------------------------------------------|-------------------------------------------
ppolyf_u (587->65)                         |ppolyf_u (599->65)                         
pfet_03v3 (338->258)                       |pfet_03v3 (3772->258)                      
nfet_03v3 (273->254)                       |nfet_03v3 (2162->254)                      
cap_mim_2f0_m4m5_noshield (24->10)         |cap_mim_2f0_m4m5_noshield (24->10)         
Number of devices: 587                     |Number of devices: 587                     
Number of nets: 294                        |Number of nets: 294                        
---------------------------------------------------------------------------------------
Resolving symmetries by property value.
Resolving symmetries by pin name.
Netlists match with 16 symmetries.
Cells have no pins;  pin matching not needed.
Device classes AWG_MUX_FINAL.spice and AWG_MUX_MAGIC.spice are equivalent.

Final result: Circuits match uniquely.
.
