
Circuit 1 cell pfet_03v3 and Circuit 2 cell pfet_03v3 are black boxes.
Equate elements:  no current cell.
Device classes pfet_03v3 and pfet_03v3 are equivalent.

Circuit 1 cell nfet_03v3 and Circuit 2 cell nfet_03v3 are black boxes.
Equate elements:  no current cell.
Device classes nfet_03v3 and nfet_03v3 are equivalent.

Circuit 1 cell cap_mim_2f0_m4m5_noshield and Circuit 2 cell cap_mim_2f0_m4m5_noshield are black boxes.
Equate elements:  no current cell.
Device classes cap_mim_2f0_m4m5_noshield and cap_mim_2f0_m4m5_noshield are equivalent.

Circuit 1 cell ppolyf_u and Circuit 2 cell ppolyf_u are black boxes.
Equate elements:  no current cell.
Device classes ppolyf_u and ppolyf_u are equivalent.
Flattening unmatched subcell nverterlayout_ibr in circuit and_3_ibr (0)(1 instance)
Flattening unmatched subcell pmos_3p3_MQGBLR in circuit and_3_ibr (0)(1 instance)
Flattening unmatched subcell nmos_3p3_DDNVWA in circuit and_3_ibr (0)(1 instance)
Flattening unmatched subcell nand3_mag_ibr in circuit and_3_ibr (0)(1 instance)
Flattening unmatched subcell nmos_3p3_VGTVWA in circuit and_3_ibr (0)(3 instances)
Flattening unmatched subcell pmos_3p3_M8SWPS in circuit and_3_ibr (0)(3 instances)
Flattening unmatched subcell nand3_ibr in circuit and_3_ibr (1)(1 instance)
Flattening unmatched subcell inv_my_ibr in circuit and_3_ibr (1)(1 instance)

Subcircuit summary:
Circuit 1: and_3_ibr                       |Circuit 2: and_3_ibr                       
-------------------------------------------|-------------------------------------------
pfet_03v3 (4)                              |pfet_03v3 (4)                              
nfet_03v3 (4)                              |nfet_03v3 (10->4)                          
Number of devices: 8                       |Number of devices: 8                       
Number of nets: 9                          |Number of nets: 9                          
---------------------------------------------------------------------------------------
Netlists match uniquely with port errors.

Subcircuit pins:
Circuit 1: and_3_ibr                       |Circuit 2: and_3_ibr                       
-------------------------------------------|-------------------------------------------
IN1                                        |IN1                                        
IN3                                        |IN3                                        
IN2                                        |IN2                                        
OUT                                        |OUT                                        
VSS                                        |VSS                                        
nand3_mag_ibr_0/OUT                        |(no matching pin)                          
VDD                                        |VDD                                        
nand3_mag_ibr_0/OUT                        |(no matching pin)                          
---------------------------------------------------------------------------------------
Cell pin lists for and_3_ibr and and_3_ibr altered to match.
Device classes and_3_ibr and and_3_ibr are equivalent.
  Flattening non-matched subcircuits and_3_ibr and_3_ibr
Flattening unmatched subcell nmos_3p3_6FEA4B in circuit INV_2 (0)(1 instance)
Flattening unmatched subcell pmos_3p3_KYEELV in circuit INV_2 (0)(1 instance)

Class INV_2 (0):  Merged 10 parallel devices.
Subcircuit summary:
Circuit 1: INV_2                           |Circuit 2: INV_2                           
-------------------------------------------|-------------------------------------------
nfet_03v3 (4->1)                           |nfet_03v3 (1)                              
pfet_03v3 (8->1)                           |pfet_03v3 (1)                              
Number of devices: 2                       |Number of devices: 2                       
Number of nets: 4                          |Number of nets: 4                          
---------------------------------------------------------------------------------------
Netlists match uniquely.

Subcircuit pins:
Circuit 1: INV_2                           |Circuit 2: INV_2                           
-------------------------------------------|-------------------------------------------
OUT                                        |OUT                                        
IN                                         |IN                                         
VSS                                        |VSS                                        
VDD                                        |VDD                                        
---------------------------------------------------------------------------------------
Cell pin lists are equivalent.
Device classes INV_2 and INV_2 are equivalent.
Flattening unmatched subcell pmos_3p3_YMKZL5 in circuit Tr_Gate (0)(8 instances)
Flattening unmatched subcell nmos_3p3_UKFAHE in circuit Tr_Gate (0)(6 instances)

Class Tr_Gate (0):  Merged 10 parallel devices.
Subcircuit summary:
Circuit 1: Tr_Gate                         |Circuit 2: TR_Gate                         
-------------------------------------------|-------------------------------------------
pfet_03v3 (8->2)                           |pfet_03v3 (2)                              
nfet_03v3 (6->2)                           |nfet_03v3 (2)                              
Number of devices: 4                       |Number of devices: 4                       
Number of nets: 6                          |Number of nets: 6                          
---------------------------------------------------------------------------------------
Resolving symmetries by property value.
Resolving symmetries by pin name.
Netlists match uniquely.

Subcircuit pins:
Circuit 1: Tr_Gate                         |Circuit 2: TR_Gate                         
-------------------------------------------|-------------------------------------------
VDD                                        |VDD                                        
CLK                                        |CLK                                        
VSS                                        |VSS                                        
IN                                         |IN                                         
OUT                                        |OUT                                        
---------------------------------------------------------------------------------------
Cell pin lists are equivalent.
Device classes Tr_Gate and TR_Gate are equivalent.
Flattening unmatched subcell Tappered_Buffer in circuit PLL_FINAL_MAG.spice (0)(3 instances)
Flattening unmatched subcell pmos_3p3_MDMPD7 in circuit PLL_FINAL_MAG.spice (0)(3 instances)
Flattening unmatched subcell pmos_3p3_PPZSL5 in circuit PLL_FINAL_MAG.spice (0)(3 instances)
Flattening unmatched subcell nmos_3p3_JEEAMQ in circuit PLL_FINAL_MAG.spice (0)(3 instances)
Flattening unmatched subcell pmos_3p3_MV44E7 in circuit PLL_FINAL_MAG.spice (0)(3 instances)
Flattening unmatched subcell nmos_3p3_7NPLVN in circuit PLL_FINAL_MAG.spice (0)(3 instances)
Flattening unmatched subcell pmos_3p3_PPYSL5 in circuit PLL_FINAL_MAG.spice (0)(3 instances)
Flattening unmatched subcell nmos_3p3_PLQLVN in circuit PLL_FINAL_MAG.spice (0)(3 instances)
Flattening unmatched subcell nmos_3p3_8FEAMQ in circuit PLL_FINAL_MAG.spice (0)(3 instances)
Flattening unmatched subcell Current_Mirror_Top in circuit PLL_FINAL_MAG.spice (0)(1 instance)
Flattening unmatched subcell pmos_3p3_DVJ9E7 in circuit PLL_FINAL_MAG.spice (0)(1 instance)
Flattening unmatched subcell pmos_3p3_ZBCND7 in circuit PLL_FINAL_MAG.spice (0)(2 instances)
Flattening unmatched subcell pmos_3p3_5QR9E7 in circuit PLL_FINAL_MAG.spice (0)(1 instance)
Flattening unmatched subcell nmos_3p3_Z2JHD6 in circuit PLL_FINAL_MAG.spice (0)(4 instances)
Flattening unmatched subcell pfet_03v3_TTE2U8 in circuit PLL_FINAL_MAG.spice (0)(2 instances)
Flattening unmatched subcell nmos_3p3_AJEA3B in circuit PLL_FINAL_MAG.spice (0)(6 instances)
Flattening unmatched subcell mux_4x1_ibr in circuit PLL_FINAL_MAG.spice (0)(1 instance)
Flattening unmatched subcell mux_2x1_ibr in circuit PLL_FINAL_MAG.spice (0)(7 instances)
Flattening unmatched subcell nand2_ibr in circuit PLL_FINAL_MAG.spice (0)(21 instances)
Flattening unmatched subcell pmos_3p3_M8SWPS in circuit PLL_FINAL_MAG.spice (0)(42 instances)
Flattening unmatched subcell nmos_3p3_5QNVWA in circuit PLL_FINAL_MAG.spice (0)(42 instances)
Flattening unmatched subcell nverterlayout_ibr in circuit PLL_FINAL_MAG.spice (0)(7 instances)
Flattening unmatched subcell pmos_3p3_MQGBLR in circuit PLL_FINAL_MAG.spice (0)(7 instances)
Flattening unmatched subcell nmos_3p3_DDNVWA in circuit PLL_FINAL_MAG.spice (0)(7 instances)
Flattening unmatched subcell Output_Div_Mag in circuit PLL_FINAL_MAG.spice (0)(2 instances)
Flattening unmatched subcell mux_4x1 in circuit PLL_FINAL_MAG.spice (0)(2 instances)
Flattening unmatched subcell mux_2x1 in circuit PLL_FINAL_MAG.spice (0)(6 instances)
Flattening unmatched subcell nand2 in circuit PLL_FINAL_MAG.spice (0)(18 instances)
Flattening unmatched subcell pmos_3p3_M8SWPS in circuit PLL_FINAL_MAG.spice (0)(36 instances)
Flattening unmatched subcell nmos_3p3_5QNVWA in circuit PLL_FINAL_MAG.spice (0)(36 instances)
Flattening unmatched subcell nverterlayout in circuit PLL_FINAL_MAG.spice (0)(6 instances)
Flattening unmatched subcell pmos_3p3_MQGBLR in circuit PLL_FINAL_MAG.spice (0)(6 instances)
Flattening unmatched subcell nmos_3p3_DDNVWA in circuit PLL_FINAL_MAG.spice (0)(6 instances)
Flattening unmatched subcell dec_2x4_ibr_mag in circuit PLL_FINAL_MAG.spice (0)(2 instances)
Flattening unmatched subcell and_2_ibr in circuit PLL_FINAL_MAG.spice (0)(8 instances)
Flattening unmatched subcell nand2_ibr in circuit PLL_FINAL_MAG.spice (0)(8 instances)
Flattening unmatched subcell pmos_3p3_M8SWPS in circuit PLL_FINAL_MAG.spice (0)(16 instances)
Flattening unmatched subcell nmos_3p3_5QNVWA in circuit PLL_FINAL_MAG.spice (0)(16 instances)
Flattening unmatched subcell nverterlayout_ibr in circuit PLL_FINAL_MAG.spice (0)(12 instances)
Flattening unmatched subcell pmos_3p3_MQGBLR in circuit PLL_FINAL_MAG.spice (0)(12 instances)
Flattening unmatched subcell nmos_3p3_DDNVWA in circuit PLL_FINAL_MAG.spice (0)(12 instances)
Flattening unmatched subcell CLK_div_4_mag in circuit PLL_FINAL_MAG.spice (0)(2 instances)
Flattening unmatched subcell CLK_div_2_mag in circuit PLL_FINAL_MAG.spice (0)(6 instances)
Flattening unmatched subcell JK_FF_mag in circuit PLL_FINAL_MAG.spice (0)(6 instances)
Flattening unmatched subcell nand2_mag in circuit PLL_FINAL_MAG.spice (0)(30 instances)
Flattening unmatched subcell pmos_3p3_M8SWPS in circuit PLL_FINAL_MAG.spice (0)(60 instances)
Flattening unmatched subcell nmos_3p3_5QNVWA in circuit PLL_FINAL_MAG.spice (0)(60 instances)
Flattening unmatched subcell nand3_mag in circuit PLL_FINAL_MAG.spice (0)(18 instances)
Flattening unmatched subcell nmos_3p3_VGTVWA in circuit PLL_FINAL_MAG.spice (0)(54 instances)
Flattening unmatched subcell pmos_3p3_M8SWPS in circuit PLL_FINAL_MAG.spice (0)(54 instances)
Flattening unmatched subcell gf_inv_mag[[0]] in circuit PLL_FINAL_MAG.spice (0)(6 instances)
Flattening unmatched subcell pmos_3p3_MQGBLR in circuit PLL_FINAL_MAG.spice (0)(6 instances)
Flattening unmatched subcell nmos_3p3_DDNVWA in circuit PLL_FINAL_MAG.spice (0)(6 instances)
Flattening unmatched subcell CLK_div_3_mag in circuit PLL_FINAL_MAG.spice (0)(2 instances)
Flattening unmatched subcell JK_FF_mag in circuit PLL_FINAL_MAG.spice (0)(4 instances)
Flattening unmatched subcell nand2_mag in circuit PLL_FINAL_MAG.spice (0)(20 instances)
Flattening unmatched subcell pmos_3p3_M8SWPS in circuit PLL_FINAL_MAG.spice (0)(40 instances)
Flattening unmatched subcell nmos_3p3_5QNVWA in circuit PLL_FINAL_MAG.spice (0)(40 instances)
Flattening unmatched subcell nand3_mag in circuit PLL_FINAL_MAG.spice (0)(12 instances)
Flattening unmatched subcell nmos_3p3_VGTVWA in circuit PLL_FINAL_MAG.spice (0)(36 instances)
Flattening unmatched subcell pmos_3p3_M8SWPS in circuit PLL_FINAL_MAG.spice (0)(36 instances)
Flattening unmatched subcell gf_inv_mag[[0]] in circuit PLL_FINAL_MAG.spice (0)(4 instances)
Flattening unmatched subcell pmos_3p3_MQGBLR in circuit PLL_FINAL_MAG.spice (0)(4 instances)
Flattening unmatched subcell nmos_3p3_DDNVWA in circuit PLL_FINAL_MAG.spice (0)(4 instances)
Flattening unmatched subcell or_2_mag in circuit PLL_FINAL_MAG.spice (0)(2 instances)
Flattening unmatched subcell pmos_3p3_M8QNDR in circuit PLL_FINAL_MAG.spice (0)(2 instances)
Flattening unmatched subcell gf_inv_mag[[0]] in circuit PLL_FINAL_MAG.spice (0)(2 instances)
Flattening unmatched subcell pmos_3p3_MQGBLR in circuit PLL_FINAL_MAG.spice (0)(2 instances)
Flattening unmatched subcell nmos_3p3_DDNVWA in circuit PLL_FINAL_MAG.spice (0)(6 instances)
Flattening unmatched subcell pmos_3p3_M4YALR in circuit PLL_FINAL_MAG.spice (0)(2 instances)
Flattening unmatched subcell and2_mag in circuit PLL_FINAL_MAG.spice (0)(2 instances)
Flattening unmatched subcell pmos_3p3_M8SWPS in circuit PLL_FINAL_MAG.spice (0)(4 instances)
Flattening unmatched subcell gf_inv_mag[[0]] in circuit PLL_FINAL_MAG.spice (0)(2 instances)
Flattening unmatched subcell pmos_3p3_MQGBLR in circuit PLL_FINAL_MAG.spice (0)(2 instances)
Flattening unmatched subcell nmos_3p3_DDNVWA in circuit PLL_FINAL_MAG.spice (0)(2 instances)
Flattening unmatched subcell nmos_3p3_5QNVWA in circuit PLL_FINAL_MAG.spice (0)(4 instances)
Flattening unmatched subcell Buffer_delayed_mag in circuit PLL_FINAL_MAG.spice (0)(2 instances)
Flattening unmatched subcell pmos_3p3_MW53B7 in circuit PLL_FINAL_MAG.spice (0)(2 instances)
Flattening unmatched subcell Inverter_delayed_mag in circuit PLL_FINAL_MAG.spice (0)(2 instances)
Flattening unmatched subcell pmos_3p3_MW53B7 in circuit PLL_FINAL_MAG.spice (0)(2 instances)
Flattening unmatched subcell nmos_3p3_MGBSF7 in circuit PLL_FINAL_MAG.spice (0)(4 instances)
Flattening unmatched subcell Feedback_Divider_mag in circuit PLL_FINAL_MAG.spice (0)(1 instance)
Flattening unmatched subcell CLK_div_99_mag in circuit PLL_FINAL_MAG.spice (0)(1 instance)
Flattening unmatched subcell CLK_DIV_11_mag_new in circuit PLL_FINAL_MAG.spice (0)(1 instance)
Flattening unmatched subcell JK_FF_mag in circuit PLL_FINAL_MAG.spice (0)(4 instances)
Flattening unmatched subcell nand2_mag in circuit PLL_FINAL_MAG.spice (0)(20 instances)
Flattening unmatched subcell pmos_3p3_M8SWPS in circuit PLL_FINAL_MAG.spice (0)(40 instances)
Flattening unmatched subcell nmos_3p3_5QNVWA in circuit PLL_FINAL_MAG.spice (0)(40 instances)
Flattening unmatched subcell nand3_mag in circuit PLL_FINAL_MAG.spice (0)(14 instances)
Flattening unmatched subcell nmos_3p3_VGTVWA in circuit PLL_FINAL_MAG.spice (0)(42 instances)
Flattening unmatched subcell pmos_3p3_M8SWPS in circuit PLL_FINAL_MAG.spice (0)(42 instances)
Flattening unmatched subcell gf_inv_mag[[0]] in circuit PLL_FINAL_MAG.spice (0)(7 instances)
Flattening unmatched subcell pmos_3p3_MQGBLR in circuit PLL_FINAL_MAG.spice (0)(7 instances)
Flattening unmatched subcell nmos_3p3_DDNVWA in circuit PLL_FINAL_MAG.spice (0)(7 instances)
Flattening unmatched subcell or_2_mag in circuit PLL_FINAL_MAG.spice (0)(3 instances)
Flattening unmatched subcell pmos_3p3_M8QNDR in circuit PLL_FINAL_MAG.spice (0)(3 instances)
Flattening unmatched subcell gf_inv_mag[[0]] in circuit PLL_FINAL_MAG.spice (0)(3 instances)
Flattening unmatched subcell pmos_3p3_MQGBLR in circuit PLL_FINAL_MAG.spice (0)(3 instances)
Flattening unmatched subcell nmos_3p3_DDNVWA in circuit PLL_FINAL_MAG.spice (0)(9 instances)
Flattening unmatched subcell pmos_3p3_M4YALR in circuit PLL_FINAL_MAG.spice (0)(3 instances)
Flattening unmatched subcell and2_mag in circuit PLL_FINAL_MAG.spice (0)(4 instances)
Flattening unmatched subcell pmos_3p3_M8SWPS in circuit PLL_FINAL_MAG.spice (0)(8 instances)
Flattening unmatched subcell gf_inv_mag[[0]] in circuit PLL_FINAL_MAG.spice (0)(4 instances)
Flattening unmatched subcell pmos_3p3_MQGBLR in circuit PLL_FINAL_MAG.spice (0)(4 instances)
Flattening unmatched subcell nmos_3p3_DDNVWA in circuit PLL_FINAL_MAG.spice (0)(4 instances)
Flattening unmatched subcell nmos_3p3_5QNVWA in circuit PLL_FINAL_MAG.spice (0)(8 instances)
Flattening unmatched subcell Buffer_delayed_mag in circuit PLL_FINAL_MAG.spice (0)(2 instances)
Flattening unmatched subcell pmos_3p3_MW53B7 in circuit PLL_FINAL_MAG.spice (0)(2 instances)
Flattening unmatched subcell Inverter_delayed_mag in circuit PLL_FINAL_MAG.spice (0)(2 instances)
Flattening unmatched subcell pmos_3p3_MW53B7 in circuit PLL_FINAL_MAG.spice (0)(2 instances)
Flattening unmatched subcell nmos_3p3_MGBSF7 in circuit PLL_FINAL_MAG.spice (0)(4 instances)
Flattening unmatched subcell nor_3_mag in circuit PLL_FINAL_MAG.spice (0)(1 instance)
Flattening unmatched subcell nmos_3p3_DDNVWA in circuit PLL_FINAL_MAG.spice (0)(3 instances)
Flattening unmatched subcell pmos_3p3_MYFUKR in circuit PLL_FINAL_MAG.spice (0)(3 instances)
Flattening unmatched subcell CLK_div_3_mag in circuit PLL_FINAL_MAG.spice (0)(2 instances)
Flattening unmatched subcell JK_FF_mag in circuit PLL_FINAL_MAG.spice (0)(4 instances)
Flattening unmatched subcell nand2_mag in circuit PLL_FINAL_MAG.spice (0)(20 instances)
Flattening unmatched subcell pmos_3p3_M8SWPS in circuit PLL_FINAL_MAG.spice (0)(40 instances)
Flattening unmatched subcell nmos_3p3_5QNVWA in circuit PLL_FINAL_MAG.spice (0)(40 instances)
Flattening unmatched subcell nand3_mag in circuit PLL_FINAL_MAG.spice (0)(12 instances)
Flattening unmatched subcell nmos_3p3_VGTVWA in circuit PLL_FINAL_MAG.spice (0)(36 instances)
Flattening unmatched subcell pmos_3p3_M8SWPS in circuit PLL_FINAL_MAG.spice (0)(36 instances)
Flattening unmatched subcell gf_inv_mag[[0]] in circuit PLL_FINAL_MAG.spice (0)(4 instances)
Flattening unmatched subcell pmos_3p3_MQGBLR in circuit PLL_FINAL_MAG.spice (0)(4 instances)
Flattening unmatched subcell nmos_3p3_DDNVWA in circuit PLL_FINAL_MAG.spice (0)(4 instances)
Flattening unmatched subcell or_2_mag in circuit PLL_FINAL_MAG.spice (0)(2 instances)
Flattening unmatched subcell pmos_3p3_M8QNDR in circuit PLL_FINAL_MAG.spice (0)(2 instances)
Flattening unmatched subcell gf_inv_mag[[0]] in circuit PLL_FINAL_MAG.spice (0)(2 instances)
Flattening unmatched subcell pmos_3p3_MQGBLR in circuit PLL_FINAL_MAG.spice (0)(2 instances)
Flattening unmatched subcell nmos_3p3_DDNVWA in circuit PLL_FINAL_MAG.spice (0)(6 instances)
Flattening unmatched subcell pmos_3p3_M4YALR in circuit PLL_FINAL_MAG.spice (0)(2 instances)
Flattening unmatched subcell and2_mag in circuit PLL_FINAL_MAG.spice (0)(2 instances)
Flattening unmatched subcell pmos_3p3_M8SWPS in circuit PLL_FINAL_MAG.spice (0)(4 instances)
Flattening unmatched subcell gf_inv_mag[[0]] in circuit PLL_FINAL_MAG.spice (0)(2 instances)
Flattening unmatched subcell pmos_3p3_MQGBLR in circuit PLL_FINAL_MAG.spice (0)(2 instances)
Flattening unmatched subcell nmos_3p3_DDNVWA in circuit PLL_FINAL_MAG.spice (0)(2 instances)
Flattening unmatched subcell nmos_3p3_5QNVWA in circuit PLL_FINAL_MAG.spice (0)(4 instances)
Flattening unmatched subcell mux_8x1_ibr in circuit PLL_FINAL_MAG.spice (0)(1 instance)
Flattening unmatched subcell mux_4x1_ibr in circuit PLL_FINAL_MAG.spice (0)(2 instances)
Flattening unmatched subcell mux_2x1_ibr in circuit PLL_FINAL_MAG.spice (0)(7 instances)
Flattening unmatched subcell nand2_ibr in circuit PLL_FINAL_MAG.spice (0)(21 instances)
Flattening unmatched subcell pmos_3p3_M8SWPS in circuit PLL_FINAL_MAG.spice (0)(42 instances)
Flattening unmatched subcell nmos_3p3_5QNVWA in circuit PLL_FINAL_MAG.spice (0)(42 instances)
Flattening unmatched subcell nverterlayout_ibr in circuit PLL_FINAL_MAG.spice (0)(7 instances)
Flattening unmatched subcell pmos_3p3_MQGBLR in circuit PLL_FINAL_MAG.spice (0)(7 instances)
Flattening unmatched subcell nmos_3p3_DDNVWA in circuit PLL_FINAL_MAG.spice (0)(7 instances)
Flattening unmatched subcell CLK_div_96_mag in circuit PLL_FINAL_MAG.spice (0)(1 instance)
Flattening unmatched subcell JK_FF_mag in circuit PLL_FINAL_MAG.spice (0)(5 instances)
Flattening unmatched subcell nand2_mag in circuit PLL_FINAL_MAG.spice (0)(25 instances)
Flattening unmatched subcell pmos_3p3_M8SWPS in circuit PLL_FINAL_MAG.spice (0)(50 instances)
Flattening unmatched subcell nmos_3p3_5QNVWA in circuit PLL_FINAL_MAG.spice (0)(50 instances)
Flattening unmatched subcell nand3_mag in circuit PLL_FINAL_MAG.spice (0)(15 instances)
Flattening unmatched subcell nmos_3p3_VGTVWA in circuit PLL_FINAL_MAG.spice (0)(45 instances)
Flattening unmatched subcell pmos_3p3_M8SWPS in circuit PLL_FINAL_MAG.spice (0)(45 instances)
Flattening unmatched subcell gf_inv_mag[[0]] in circuit PLL_FINAL_MAG.spice (0)(5 instances)
Flattening unmatched subcell pmos_3p3_MQGBLR in circuit PLL_FINAL_MAG.spice (0)(5 instances)
Flattening unmatched subcell nmos_3p3_DDNVWA in circuit PLL_FINAL_MAG.spice (0)(5 instances)
Flattening unmatched subcell CLK_div_3_mag in circuit PLL_FINAL_MAG.spice (0)(1 instance)
Flattening unmatched subcell JK_FF_mag in circuit PLL_FINAL_MAG.spice (0)(2 instances)
Flattening unmatched subcell nand2_mag in circuit PLL_FINAL_MAG.spice (0)(10 instances)
Flattening unmatched subcell pmos_3p3_M8SWPS in circuit PLL_FINAL_MAG.spice (0)(20 instances)
Flattening unmatched subcell nmos_3p3_5QNVWA in circuit PLL_FINAL_MAG.spice (0)(20 instances)
Flattening unmatched subcell nand3_mag in circuit PLL_FINAL_MAG.spice (0)(6 instances)
Flattening unmatched subcell nmos_3p3_VGTVWA in circuit PLL_FINAL_MAG.spice (0)(18 instances)
Flattening unmatched subcell pmos_3p3_M8SWPS in circuit PLL_FINAL_MAG.spice (0)(18 instances)
Flattening unmatched subcell gf_inv_mag[[0]] in circuit PLL_FINAL_MAG.spice (0)(2 instances)
Flattening unmatched subcell pmos_3p3_MQGBLR in circuit PLL_FINAL_MAG.spice (0)(2 instances)
Flattening unmatched subcell nmos_3p3_DDNVWA in circuit PLL_FINAL_MAG.spice (0)(2 instances)
Flattening unmatched subcell or_2_mag in circuit PLL_FINAL_MAG.spice (0)(1 instance)
Flattening unmatched subcell pmos_3p3_M8QNDR in circuit PLL_FINAL_MAG.spice (0)(1 instance)
Flattening unmatched subcell gf_inv_mag[[0]] in circuit PLL_FINAL_MAG.spice (0)(1 instance)
Flattening unmatched subcell pmos_3p3_MQGBLR in circuit PLL_FINAL_MAG.spice (0)(1 instance)
Flattening unmatched subcell nmos_3p3_DDNVWA in circuit PLL_FINAL_MAG.spice (0)(3 instances)
Flattening unmatched subcell pmos_3p3_M4YALR in circuit PLL_FINAL_MAG.spice (0)(1 instance)
Flattening unmatched subcell and2_mag in circuit PLL_FINAL_MAG.spice (0)(1 instance)
Flattening unmatched subcell pmos_3p3_M8SWPS in circuit PLL_FINAL_MAG.spice (0)(2 instances)
Flattening unmatched subcell gf_inv_mag[[0]] in circuit PLL_FINAL_MAG.spice (0)(1 instance)
Flattening unmatched subcell pmos_3p3_MQGBLR in circuit PLL_FINAL_MAG.spice (0)(1 instance)
Flattening unmatched subcell nmos_3p3_DDNVWA in circuit PLL_FINAL_MAG.spice (0)(1 instance)
Flattening unmatched subcell nmos_3p3_5QNVWA in circuit PLL_FINAL_MAG.spice (0)(2 instances)
Flattening unmatched subcell CLK_div_93_mag in circuit PLL_FINAL_MAG.spice (0)(1 instance)
Flattening unmatched subcell CLK_div_31_mag in circuit PLL_FINAL_MAG.spice (0)(1 instance)
Flattening unmatched subcell JK_FF_mag in circuit PLL_FINAL_MAG.spice (0)(5 instances)
Flattening unmatched subcell nand2_mag in circuit PLL_FINAL_MAG.spice (0)(25 instances)
Flattening unmatched subcell pmos_3p3_M8SWPS in circuit PLL_FINAL_MAG.spice (0)(50 instances)
Flattening unmatched subcell nmos_3p3_5QNVWA in circuit PLL_FINAL_MAG.spice (0)(50 instances)
Flattening unmatched subcell nand3_mag in circuit PLL_FINAL_MAG.spice (0)(15 instances)
Flattening unmatched subcell nmos_3p3_VGTVWA in circuit PLL_FINAL_MAG.spice (0)(45 instances)
Flattening unmatched subcell pmos_3p3_M8SWPS in circuit PLL_FINAL_MAG.spice (0)(45 instances)
Flattening unmatched subcell gf_inv_mag[[0]] in circuit PLL_FINAL_MAG.spice (0)(5 instances)
Flattening unmatched subcell pmos_3p3_MQGBLR in circuit PLL_FINAL_MAG.spice (0)(5 instances)
Flattening unmatched subcell nmos_3p3_DDNVWA in circuit PLL_FINAL_MAG.spice (0)(5 instances)
Flattening unmatched subcell Buffer_Delayed1_mag in circuit PLL_FINAL_MAG.spice (0)(1 instance)
Flattening unmatched subcell Inverter_delayed_mag in circuit PLL_FINAL_MAG.spice (0)(16 instances)
Flattening unmatched subcell pmos_3p3_MW53B7 in circuit PLL_FINAL_MAG.spice (0)(16 instances)
Flattening unmatched subcell nmos_3p3_MGBSF7 in circuit PLL_FINAL_MAG.spice (0)(16 instances)
Flattening unmatched subcell or_2_mag in circuit PLL_FINAL_MAG.spice (0)(1 instance)
Flattening unmatched subcell pmos_3p3_M8QNDR in circuit PLL_FINAL_MAG.spice (0)(1 instance)
Flattening unmatched subcell gf_inv_mag[[0]] in circuit PLL_FINAL_MAG.spice (0)(1 instance)
Flattening unmatched subcell pmos_3p3_MQGBLR in circuit PLL_FINAL_MAG.spice (0)(1 instance)
Flattening unmatched subcell nmos_3p3_DDNVWA in circuit PLL_FINAL_MAG.spice (0)(3 instances)
Flattening unmatched subcell pmos_3p3_M4YALR in circuit PLL_FINAL_MAG.spice (0)(1 instance)
Flattening unmatched subcell and_5_mag in circuit PLL_FINAL_MAG.spice (0)(1 instance)
Flattening unmatched subcell and2_mag in circuit PLL_FINAL_MAG.spice (0)(4 instances)
Flattening unmatched subcell pmos_3p3_M8SWPS in circuit PLL_FINAL_MAG.spice (0)(8 instances)
Flattening unmatched subcell gf_inv_mag[[0]] in circuit PLL_FINAL_MAG.spice (0)(4 instances)
Flattening unmatched subcell pmos_3p3_MQGBLR in circuit PLL_FINAL_MAG.spice (0)(4 instances)
Flattening unmatched subcell nmos_3p3_DDNVWA in circuit PLL_FINAL_MAG.spice (0)(4 instances)
Flattening unmatched subcell nmos_3p3_5QNVWA in circuit PLL_FINAL_MAG.spice (0)(8 instances)
Flattening unmatched subcell nand_5_mag in circuit PLL_FINAL_MAG.spice (0)(1 instance)
Flattening unmatched subcell gf_inv_mag[[0]] in circuit PLL_FINAL_MAG.spice (0)(1 instance)
Flattening unmatched subcell pmos_3p3_MQGBLR in circuit PLL_FINAL_MAG.spice (0)(1 instance)
Flattening unmatched subcell nmos_3p3_DDNVWA in circuit PLL_FINAL_MAG.spice (0)(1 instance)
Flattening unmatched subcell and_5_mag in circuit PLL_FINAL_MAG.spice (0)(1 instance)
Flattening unmatched subcell and2_mag in circuit PLL_FINAL_MAG.spice (0)(4 instances)
Flattening unmatched subcell pmos_3p3_M8SWPS in circuit PLL_FINAL_MAG.spice (0)(8 instances)
Flattening unmatched subcell gf_inv_mag[[0]] in circuit PLL_FINAL_MAG.spice (0)(4 instances)
Flattening unmatched subcell pmos_3p3_MQGBLR in circuit PLL_FINAL_MAG.spice (0)(4 instances)
Flattening unmatched subcell nmos_3p3_DDNVWA in circuit PLL_FINAL_MAG.spice (0)(4 instances)
Flattening unmatched subcell nmos_3p3_5QNVWA in circuit PLL_FINAL_MAG.spice (0)(8 instances)
Flattening unmatched subcell CLK_div_3_mag in circuit PLL_FINAL_MAG.spice (0)(1 instance)
Flattening unmatched subcell JK_FF_mag in circuit PLL_FINAL_MAG.spice (0)(2 instances)
Flattening unmatched subcell nand2_mag in circuit PLL_FINAL_MAG.spice (0)(10 instances)
Flattening unmatched subcell pmos_3p3_M8SWPS in circuit PLL_FINAL_MAG.spice (0)(20 instances)
Flattening unmatched subcell nmos_3p3_5QNVWA in circuit PLL_FINAL_MAG.spice (0)(20 instances)
Flattening unmatched subcell nand3_mag in circuit PLL_FINAL_MAG.spice (0)(6 instances)
Flattening unmatched subcell nmos_3p3_VGTVWA in circuit PLL_FINAL_MAG.spice (0)(18 instances)
Flattening unmatched subcell pmos_3p3_M8SWPS in circuit PLL_FINAL_MAG.spice (0)(18 instances)
Flattening unmatched subcell gf_inv_mag[[0]] in circuit PLL_FINAL_MAG.spice (0)(2 instances)
Flattening unmatched subcell pmos_3p3_MQGBLR in circuit PLL_FINAL_MAG.spice (0)(2 instances)
Flattening unmatched subcell nmos_3p3_DDNVWA in circuit PLL_FINAL_MAG.spice (0)(2 instances)
Flattening unmatched subcell or_2_mag in circuit PLL_FINAL_MAG.spice (0)(1 instance)
Flattening unmatched subcell pmos_3p3_M8QNDR in circuit PLL_FINAL_MAG.spice (0)(1 instance)
Flattening unmatched subcell gf_inv_mag[[0]] in circuit PLL_FINAL_MAG.spice (0)(1 instance)
Flattening unmatched subcell pmos_3p3_MQGBLR in circuit PLL_FINAL_MAG.spice (0)(1 instance)
Flattening unmatched subcell nmos_3p3_DDNVWA in circuit PLL_FINAL_MAG.spice (0)(3 instances)
Flattening unmatched subcell pmos_3p3_M4YALR in circuit PLL_FINAL_MAG.spice (0)(1 instance)
Flattening unmatched subcell and2_mag in circuit PLL_FINAL_MAG.spice (0)(1 instance)
Flattening unmatched subcell pmos_3p3_M8SWPS in circuit PLL_FINAL_MAG.spice (0)(2 instances)
Flattening unmatched subcell gf_inv_mag[[0]] in circuit PLL_FINAL_MAG.spice (0)(1 instance)
Flattening unmatched subcell pmos_3p3_MQGBLR in circuit PLL_FINAL_MAG.spice (0)(1 instance)
Flattening unmatched subcell nmos_3p3_DDNVWA in circuit PLL_FINAL_MAG.spice (0)(1 instance)
Flattening unmatched subcell nmos_3p3_5QNVWA in circuit PLL_FINAL_MAG.spice (0)(2 instances)
Flattening unmatched subcell CLK_div_105_mag in circuit PLL_FINAL_MAG.spice (0)(1 instance)
Flattening unmatched subcell CLK_div_10_mag in circuit PLL_FINAL_MAG.spice (0)(2 instances)
Flattening unmatched subcell JK_FF_mag in circuit PLL_FINAL_MAG.spice (0)(8 instances)
Flattening unmatched subcell nand2_mag in circuit PLL_FINAL_MAG.spice (0)(40 instances)
Flattening unmatched subcell pmos_3p3_M8SWPS in circuit PLL_FINAL_MAG.spice (0)(80 instances)
Flattening unmatched subcell nmos_3p3_5QNVWA in circuit PLL_FINAL_MAG.spice (0)(80 instances)
Flattening unmatched subcell nand3_mag in circuit PLL_FINAL_MAG.spice (0)(24 instances)
Flattening unmatched subcell nmos_3p3_VGTVWA in circuit PLL_FINAL_MAG.spice (0)(72 instances)
Flattening unmatched subcell pmos_3p3_M8SWPS in circuit PLL_FINAL_MAG.spice (0)(72 instances)
Flattening unmatched subcell gf_inv_mag[[0]] in circuit PLL_FINAL_MAG.spice (0)(8 instances)
Flattening unmatched subcell pmos_3p3_MQGBLR in circuit PLL_FINAL_MAG.spice (0)(8 instances)
Flattening unmatched subcell nmos_3p3_DDNVWA in circuit PLL_FINAL_MAG.spice (0)(8 instances)
Flattening unmatched subcell and2_mag in circuit PLL_FINAL_MAG.spice (0)(6 instances)
Flattening unmatched subcell pmos_3p3_M8SWPS in circuit PLL_FINAL_MAG.spice (0)(12 instances)
Flattening unmatched subcell gf_inv_mag[[0]] in circuit PLL_FINAL_MAG.spice (0)(6 instances)
Flattening unmatched subcell pmos_3p3_MQGBLR in circuit PLL_FINAL_MAG.spice (0)(6 instances)
Flattening unmatched subcell nmos_3p3_DDNVWA in circuit PLL_FINAL_MAG.spice (0)(6 instances)
Flattening unmatched subcell nmos_3p3_5QNVWA in circuit PLL_FINAL_MAG.spice (0)(12 instances)
Flattening unmatched subcell Buffer_delayed_mag in circuit PLL_FINAL_MAG.spice (0)(2 instances)
Flattening unmatched subcell pmos_3p3_MW53B7 in circuit PLL_FINAL_MAG.spice (0)(2 instances)
Flattening unmatched subcell Inverter_delayed_mag in circuit PLL_FINAL_MAG.spice (0)(2 instances)
Flattening unmatched subcell pmos_3p3_MW53B7 in circuit PLL_FINAL_MAG.spice (0)(2 instances)
Flattening unmatched subcell nmos_3p3_MGBSF7 in circuit PLL_FINAL_MAG.spice (0)(4 instances)
Flattening unmatched subcell nor_3_mag in circuit PLL_FINAL_MAG.spice (0)(2 instances)
Flattening unmatched subcell nmos_3p3_DDNVWA in circuit PLL_FINAL_MAG.spice (0)(6 instances)
Flattening unmatched subcell pmos_3p3_MYFUKR in circuit PLL_FINAL_MAG.spice (0)(6 instances)
Flattening unmatched subcell CLK_div_90_mag in circuit PLL_FINAL_MAG.spice (0)(1 instance)
Flattening unmatched subcell CLK_div_3_mag in circuit PLL_FINAL_MAG.spice (0)(2 instances)
Flattening unmatched subcell JK_FF_mag in circuit PLL_FINAL_MAG.spice (0)(4 instances)
Flattening unmatched subcell nand2_mag in circuit PLL_FINAL_MAG.spice (0)(20 instances)
Flattening unmatched subcell pmos_3p3_M8SWPS in circuit PLL_FINAL_MAG.spice (0)(40 instances)
Flattening unmatched subcell nmos_3p3_5QNVWA in circuit PLL_FINAL_MAG.spice (0)(40 instances)
Flattening unmatched subcell nand3_mag in circuit PLL_FINAL_MAG.spice (0)(12 instances)
Flattening unmatched subcell nmos_3p3_VGTVWA in circuit PLL_FINAL_MAG.spice (0)(36 instances)
Flattening unmatched subcell pmos_3p3_M8SWPS in circuit PLL_FINAL_MAG.spice (0)(36 instances)
Flattening unmatched subcell gf_inv_mag[[0]] in circuit PLL_FINAL_MAG.spice (0)(4 instances)
Flattening unmatched subcell pmos_3p3_MQGBLR in circuit PLL_FINAL_MAG.spice (0)(4 instances)
Flattening unmatched subcell nmos_3p3_DDNVWA in circuit PLL_FINAL_MAG.spice (0)(4 instances)
Flattening unmatched subcell or_2_mag in circuit PLL_FINAL_MAG.spice (0)(2 instances)
Flattening unmatched subcell pmos_3p3_M8QNDR in circuit PLL_FINAL_MAG.spice (0)(2 instances)
Flattening unmatched subcell gf_inv_mag[[0]] in circuit PLL_FINAL_MAG.spice (0)(2 instances)
Flattening unmatched subcell pmos_3p3_MQGBLR in circuit PLL_FINAL_MAG.spice (0)(2 instances)
Flattening unmatched subcell nmos_3p3_DDNVWA in circuit PLL_FINAL_MAG.spice (0)(6 instances)
Flattening unmatched subcell pmos_3p3_M4YALR in circuit PLL_FINAL_MAG.spice (0)(2 instances)
Flattening unmatched subcell and2_mag in circuit PLL_FINAL_MAG.spice (0)(2 instances)
Flattening unmatched subcell pmos_3p3_M8SWPS in circuit PLL_FINAL_MAG.spice (0)(4 instances)
Flattening unmatched subcell gf_inv_mag[[0]] in circuit PLL_FINAL_MAG.spice (0)(2 instances)
Flattening unmatched subcell pmos_3p3_MQGBLR in circuit PLL_FINAL_MAG.spice (0)(2 instances)
Flattening unmatched subcell nmos_3p3_DDNVWA in circuit PLL_FINAL_MAG.spice (0)(2 instances)
Flattening unmatched subcell nmos_3p3_5QNVWA in circuit PLL_FINAL_MAG.spice (0)(4 instances)
Flattening unmatched subcell CLK_div_10_mag in circuit PLL_FINAL_MAG.spice (0)(1 instance)
Flattening unmatched subcell JK_FF_mag in circuit PLL_FINAL_MAG.spice (0)(4 instances)
Flattening unmatched subcell nand2_mag in circuit PLL_FINAL_MAG.spice (0)(20 instances)
Flattening unmatched subcell pmos_3p3_M8SWPS in circuit PLL_FINAL_MAG.spice (0)(40 instances)
Flattening unmatched subcell nmos_3p3_5QNVWA in circuit PLL_FINAL_MAG.spice (0)(40 instances)
Flattening unmatched subcell nand3_mag in circuit PLL_FINAL_MAG.spice (0)(12 instances)
Flattening unmatched subcell nmos_3p3_VGTVWA in circuit PLL_FINAL_MAG.spice (0)(36 instances)
Flattening unmatched subcell pmos_3p3_M8SWPS in circuit PLL_FINAL_MAG.spice (0)(36 instances)
Flattening unmatched subcell gf_inv_mag[[0]] in circuit PLL_FINAL_MAG.spice (0)(4 instances)
Flattening unmatched subcell pmos_3p3_MQGBLR in circuit PLL_FINAL_MAG.spice (0)(4 instances)
Flattening unmatched subcell nmos_3p3_DDNVWA in circuit PLL_FINAL_MAG.spice (0)(4 instances)
Flattening unmatched subcell and2_mag in circuit PLL_FINAL_MAG.spice (0)(3 instances)
Flattening unmatched subcell pmos_3p3_M8SWPS in circuit PLL_FINAL_MAG.spice (0)(6 instances)
Flattening unmatched subcell gf_inv_mag[[0]] in circuit PLL_FINAL_MAG.spice (0)(3 instances)
Flattening unmatched subcell pmos_3p3_MQGBLR in circuit PLL_FINAL_MAG.spice (0)(3 instances)
Flattening unmatched subcell nmos_3p3_DDNVWA in circuit PLL_FINAL_MAG.spice (0)(3 instances)
Flattening unmatched subcell nmos_3p3_5QNVWA in circuit PLL_FINAL_MAG.spice (0)(6 instances)
Flattening unmatched subcell Buffer_delayed_mag in circuit PLL_FINAL_MAG.spice (0)(1 instance)
Flattening unmatched subcell pmos_3p3_MW53B7 in circuit PLL_FINAL_MAG.spice (0)(1 instance)
Flattening unmatched subcell Inverter_delayed_mag in circuit PLL_FINAL_MAG.spice (0)(1 instance)
Flattening unmatched subcell pmos_3p3_MW53B7 in circuit PLL_FINAL_MAG.spice (0)(1 instance)
Flattening unmatched subcell nmos_3p3_MGBSF7 in circuit PLL_FINAL_MAG.spice (0)(2 instances)
Flattening unmatched subcell nor_3_mag in circuit PLL_FINAL_MAG.spice (0)(1 instance)
Flattening unmatched subcell nmos_3p3_DDNVWA in circuit PLL_FINAL_MAG.spice (0)(3 instances)
Flattening unmatched subcell pmos_3p3_MYFUKR in circuit PLL_FINAL_MAG.spice (0)(3 instances)
Flattening unmatched subcell CLK_div_100_mag in circuit PLL_FINAL_MAG.spice (0)(1 instance)
Flattening unmatched subcell CLK_div_10_mag in circuit PLL_FINAL_MAG.spice (0)(2 instances)
Flattening unmatched subcell JK_FF_mag in circuit PLL_FINAL_MAG.spice (0)(8 instances)
Flattening unmatched subcell nand2_mag in circuit PLL_FINAL_MAG.spice (0)(40 instances)
Flattening unmatched subcell pmos_3p3_M8SWPS in circuit PLL_FINAL_MAG.spice (0)(80 instances)
Flattening unmatched subcell nmos_3p3_5QNVWA in circuit PLL_FINAL_MAG.spice (0)(80 instances)
Flattening unmatched subcell nand3_mag in circuit PLL_FINAL_MAG.spice (0)(24 instances)
Flattening unmatched subcell nmos_3p3_VGTVWA in circuit PLL_FINAL_MAG.spice (0)(72 instances)
Flattening unmatched subcell pmos_3p3_M8SWPS in circuit PLL_FINAL_MAG.spice (0)(72 instances)
Flattening unmatched subcell gf_inv_mag[[0]] in circuit PLL_FINAL_MAG.spice (0)(8 instances)
Flattening unmatched subcell pmos_3p3_MQGBLR in circuit PLL_FINAL_MAG.spice (0)(8 instances)
Flattening unmatched subcell nmos_3p3_DDNVWA in circuit PLL_FINAL_MAG.spice (0)(8 instances)
Flattening unmatched subcell and2_mag in circuit PLL_FINAL_MAG.spice (0)(6 instances)
Flattening unmatched subcell pmos_3p3_M8SWPS in circuit PLL_FINAL_MAG.spice (0)(12 instances)
Flattening unmatched subcell gf_inv_mag[[0]] in circuit PLL_FINAL_MAG.spice (0)(6 instances)
Flattening unmatched subcell pmos_3p3_MQGBLR in circuit PLL_FINAL_MAG.spice (0)(6 instances)
Flattening unmatched subcell nmos_3p3_DDNVWA in circuit PLL_FINAL_MAG.spice (0)(6 instances)
Flattening unmatched subcell nmos_3p3_5QNVWA in circuit PLL_FINAL_MAG.spice (0)(12 instances)
Flattening unmatched subcell Buffer_delayed_mag in circuit PLL_FINAL_MAG.spice (0)(2 instances)
Flattening unmatched subcell pmos_3p3_MW53B7 in circuit PLL_FINAL_MAG.spice (0)(2 instances)
Flattening unmatched subcell Inverter_delayed_mag in circuit PLL_FINAL_MAG.spice (0)(2 instances)
Flattening unmatched subcell pmos_3p3_MW53B7 in circuit PLL_FINAL_MAG.spice (0)(2 instances)
Flattening unmatched subcell nmos_3p3_MGBSF7 in circuit PLL_FINAL_MAG.spice (0)(4 instances)
Flattening unmatched subcell nor_3_mag in circuit PLL_FINAL_MAG.spice (0)(2 instances)
Flattening unmatched subcell nmos_3p3_DDNVWA in circuit PLL_FINAL_MAG.spice (0)(6 instances)
Flattening unmatched subcell pmos_3p3_MYFUKR in circuit PLL_FINAL_MAG.spice (0)(6 instances)
Flattening unmatched subcell dec3x8_ibr_mag in circuit PLL_FINAL_MAG.spice (0)(1 instance)
Flattening unmatched subcell nverterlayout_ibr in circuit PLL_FINAL_MAG.spice (0)(3 instances)
Flattening unmatched subcell pmos_3p3_MQGBLR in circuit PLL_FINAL_MAG.spice (0)(3 instances)
Flattening unmatched subcell nmos_3p3_DDNVWA in circuit PLL_FINAL_MAG.spice (0)(3 instances)
Flattening unmatched subcell CLK_div_110_mag in circuit PLL_FINAL_MAG.spice (0)(1 instance)
Flattening unmatched subcell CLK_DIV_11_mag_new in circuit PLL_FINAL_MAG.spice (0)(1 instance)
Flattening unmatched subcell JK_FF_mag in circuit PLL_FINAL_MAG.spice (0)(4 instances)
Flattening unmatched subcell nand2_mag in circuit PLL_FINAL_MAG.spice (0)(20 instances)
Flattening unmatched subcell pmos_3p3_M8SWPS in circuit PLL_FINAL_MAG.spice (0)(40 instances)
Flattening unmatched subcell nmos_3p3_5QNVWA in circuit PLL_FINAL_MAG.spice (0)(40 instances)
Flattening unmatched subcell nand3_mag in circuit PLL_FINAL_MAG.spice (0)(14 instances)
Flattening unmatched subcell nmos_3p3_VGTVWA in circuit PLL_FINAL_MAG.spice (0)(42 instances)
Flattening unmatched subcell pmos_3p3_M8SWPS in circuit PLL_FINAL_MAG.spice (0)(42 instances)
Flattening unmatched subcell gf_inv_mag[[0]] in circuit PLL_FINAL_MAG.spice (0)(7 instances)
Flattening unmatched subcell pmos_3p3_MQGBLR in circuit PLL_FINAL_MAG.spice (0)(7 instances)
Flattening unmatched subcell nmos_3p3_DDNVWA in circuit PLL_FINAL_MAG.spice (0)(7 instances)
Flattening unmatched subcell or_2_mag in circuit PLL_FINAL_MAG.spice (0)(3 instances)
Flattening unmatched subcell pmos_3p3_M8QNDR in circuit PLL_FINAL_MAG.spice (0)(3 instances)
Flattening unmatched subcell gf_inv_mag[[0]] in circuit PLL_FINAL_MAG.spice (0)(3 instances)
Flattening unmatched subcell pmos_3p3_MQGBLR in circuit PLL_FINAL_MAG.spice (0)(3 instances)
Flattening unmatched subcell nmos_3p3_DDNVWA in circuit PLL_FINAL_MAG.spice (0)(9 instances)
Flattening unmatched subcell pmos_3p3_M4YALR in circuit PLL_FINAL_MAG.spice (0)(3 instances)
Flattening unmatched subcell and2_mag in circuit PLL_FINAL_MAG.spice (0)(4 instances)
Flattening unmatched subcell pmos_3p3_M8SWPS in circuit PLL_FINAL_MAG.spice (0)(8 instances)
Flattening unmatched subcell gf_inv_mag[[0]] in circuit PLL_FINAL_MAG.spice (0)(4 instances)
Flattening unmatched subcell pmos_3p3_MQGBLR in circuit PLL_FINAL_MAG.spice (0)(4 instances)
Flattening unmatched subcell nmos_3p3_DDNVWA in circuit PLL_FINAL_MAG.spice (0)(4 instances)
Flattening unmatched subcell nmos_3p3_5QNVWA in circuit PLL_FINAL_MAG.spice (0)(8 instances)
Flattening unmatched subcell Buffer_delayed_mag in circuit PLL_FINAL_MAG.spice (0)(2 instances)
Flattening unmatched subcell pmos_3p3_MW53B7 in circuit PLL_FINAL_MAG.spice (0)(2 instances)
Flattening unmatched subcell Inverter_delayed_mag in circuit PLL_FINAL_MAG.spice (0)(2 instances)
Flattening unmatched subcell pmos_3p3_MW53B7 in circuit PLL_FINAL_MAG.spice (0)(2 instances)
Flattening unmatched subcell nmos_3p3_MGBSF7 in circuit PLL_FINAL_MAG.spice (0)(4 instances)
Flattening unmatched subcell nor_3_mag in circuit PLL_FINAL_MAG.spice (0)(1 instance)
Flattening unmatched subcell nmos_3p3_DDNVWA in circuit PLL_FINAL_MAG.spice (0)(3 instances)
Flattening unmatched subcell pmos_3p3_MYFUKR in circuit PLL_FINAL_MAG.spice (0)(3 instances)
Flattening unmatched subcell CLK_div_10_mag in circuit PLL_FINAL_MAG.spice (0)(1 instance)
Flattening unmatched subcell JK_FF_mag in circuit PLL_FINAL_MAG.spice (0)(4 instances)
Flattening unmatched subcell nand2_mag in circuit PLL_FINAL_MAG.spice (0)(20 instances)
Flattening unmatched subcell pmos_3p3_M8SWPS in circuit PLL_FINAL_MAG.spice (0)(40 instances)
Flattening unmatched subcell nmos_3p3_5QNVWA in circuit PLL_FINAL_MAG.spice (0)(40 instances)
Flattening unmatched subcell nand3_mag in circuit PLL_FINAL_MAG.spice (0)(12 instances)
Flattening unmatched subcell nmos_3p3_VGTVWA in circuit PLL_FINAL_MAG.spice (0)(36 instances)
Flattening unmatched subcell pmos_3p3_M8SWPS in circuit PLL_FINAL_MAG.spice (0)(36 instances)
Flattening unmatched subcell gf_inv_mag[[0]] in circuit PLL_FINAL_MAG.spice (0)(4 instances)
Flattening unmatched subcell pmos_3p3_MQGBLR in circuit PLL_FINAL_MAG.spice (0)(4 instances)
Flattening unmatched subcell nmos_3p3_DDNVWA in circuit PLL_FINAL_MAG.spice (0)(4 instances)
Flattening unmatched subcell and2_mag in circuit PLL_FINAL_MAG.spice (0)(3 instances)
Flattening unmatched subcell pmos_3p3_M8SWPS in circuit PLL_FINAL_MAG.spice (0)(6 instances)
Flattening unmatched subcell gf_inv_mag[[0]] in circuit PLL_FINAL_MAG.spice (0)(3 instances)
Flattening unmatched subcell pmos_3p3_MQGBLR in circuit PLL_FINAL_MAG.spice (0)(3 instances)
Flattening unmatched subcell nmos_3p3_DDNVWA in circuit PLL_FINAL_MAG.spice (0)(3 instances)
Flattening unmatched subcell nmos_3p3_5QNVWA in circuit PLL_FINAL_MAG.spice (0)(6 instances)
Flattening unmatched subcell Buffer_delayed_mag in circuit PLL_FINAL_MAG.spice (0)(1 instance)
Flattening unmatched subcell pmos_3p3_MW53B7 in circuit PLL_FINAL_MAG.spice (0)(1 instance)
Flattening unmatched subcell Inverter_delayed_mag in circuit PLL_FINAL_MAG.spice (0)(1 instance)
Flattening unmatched subcell pmos_3p3_MW53B7 in circuit PLL_FINAL_MAG.spice (0)(1 instance)
Flattening unmatched subcell nmos_3p3_MGBSF7 in circuit PLL_FINAL_MAG.spice (0)(2 instances)
Flattening unmatched subcell nor_3_mag in circuit PLL_FINAL_MAG.spice (0)(1 instance)
Flattening unmatched subcell nmos_3p3_DDNVWA in circuit PLL_FINAL_MAG.spice (0)(3 instances)
Flattening unmatched subcell pmos_3p3_MYFUKR in circuit PLL_FINAL_MAG.spice (0)(3 instances)
Flattening unmatched subcell CLK_div_108_new_mag in circuit PLL_FINAL_MAG.spice (0)(1 instance)
Flattening unmatched subcell JK_FF_mag in circuit PLL_FINAL_MAG.spice (0)(2 instances)
Flattening unmatched subcell nand2_mag in circuit PLL_FINAL_MAG.spice (0)(10 instances)
Flattening unmatched subcell pmos_3p3_M8SWPS in circuit PLL_FINAL_MAG.spice (0)(20 instances)
Flattening unmatched subcell nmos_3p3_5QNVWA in circuit PLL_FINAL_MAG.spice (0)(20 instances)
Flattening unmatched subcell nand3_mag in circuit PLL_FINAL_MAG.spice (0)(6 instances)
Flattening unmatched subcell nmos_3p3_VGTVWA in circuit PLL_FINAL_MAG.spice (0)(18 instances)
Flattening unmatched subcell pmos_3p3_M8SWPS in circuit PLL_FINAL_MAG.spice (0)(18 instances)
Flattening unmatched subcell gf_inv_mag[[0]] in circuit PLL_FINAL_MAG.spice (0)(2 instances)
Flattening unmatched subcell pmos_3p3_MQGBLR in circuit PLL_FINAL_MAG.spice (0)(2 instances)
Flattening unmatched subcell nmos_3p3_DDNVWA in circuit PLL_FINAL_MAG.spice (0)(2 instances)
Flattening unmatched subcell CLK_div_3_mag in circuit PLL_FINAL_MAG.spice (0)(3 instances)
Flattening unmatched subcell JK_FF_mag in circuit PLL_FINAL_MAG.spice (0)(6 instances)
Flattening unmatched subcell nand2_mag in circuit PLL_FINAL_MAG.spice (0)(30 instances)
Flattening unmatched subcell pmos_3p3_M8SWPS in circuit PLL_FINAL_MAG.spice (0)(60 instances)
Flattening unmatched subcell nmos_3p3_5QNVWA in circuit PLL_FINAL_MAG.spice (0)(60 instances)
Flattening unmatched subcell nand3_mag in circuit PLL_FINAL_MAG.spice (0)(18 instances)
Flattening unmatched subcell nmos_3p3_VGTVWA in circuit PLL_FINAL_MAG.spice (0)(54 instances)
Flattening unmatched subcell pmos_3p3_M8SWPS in circuit PLL_FINAL_MAG.spice (0)(54 instances)
Flattening unmatched subcell gf_inv_mag[[0]] in circuit PLL_FINAL_MAG.spice (0)(6 instances)
Flattening unmatched subcell pmos_3p3_MQGBLR in circuit PLL_FINAL_MAG.spice (0)(6 instances)
Flattening unmatched subcell nmos_3p3_DDNVWA in circuit PLL_FINAL_MAG.spice (0)(6 instances)
Flattening unmatched subcell or_2_mag in circuit PLL_FINAL_MAG.spice (0)(3 instances)
Flattening unmatched subcell pmos_3p3_M8QNDR in circuit PLL_FINAL_MAG.spice (0)(3 instances)
Flattening unmatched subcell gf_inv_mag[[0]] in circuit PLL_FINAL_MAG.spice (0)(3 instances)
Flattening unmatched subcell pmos_3p3_MQGBLR in circuit PLL_FINAL_MAG.spice (0)(3 instances)
Flattening unmatched subcell nmos_3p3_DDNVWA in circuit PLL_FINAL_MAG.spice (0)(9 instances)
Flattening unmatched subcell pmos_3p3_M4YALR in circuit PLL_FINAL_MAG.spice (0)(3 instances)
Flattening unmatched subcell and2_mag in circuit PLL_FINAL_MAG.spice (0)(3 instances)
Flattening unmatched subcell pmos_3p3_M8SWPS in circuit PLL_FINAL_MAG.spice (0)(6 instances)
Flattening unmatched subcell gf_inv_mag[[0]] in circuit PLL_FINAL_MAG.spice (0)(3 instances)
Flattening unmatched subcell pmos_3p3_MQGBLR in circuit PLL_FINAL_MAG.spice (0)(3 instances)
Flattening unmatched subcell nmos_3p3_DDNVWA in circuit PLL_FINAL_MAG.spice (0)(3 instances)
Flattening unmatched subcell nmos_3p3_5QNVWA in circuit PLL_FINAL_MAG.spice (0)(6 instances)
Flattening unmatched subcell PFD_layout in circuit PLL_FINAL_MAG.spice (0)(1 instance)
Flattening unmatched subcell inv_my_mag in circuit PLL_FINAL_MAG.spice (0)(2 instances)
Flattening unmatched subcell pmos_3p3_MQGBLR in circuit PLL_FINAL_MAG.spice (0)(2 instances)
Flattening unmatched subcell nmos_3p3_DDNVWA in circuit PLL_FINAL_MAG.spice (0)(2 instances)
Flattening unmatched subcell DFF_ in circuit PLL_FINAL_MAG.spice (0)(2 instances)
Flattening unmatched subcell nand2 in circuit PLL_FINAL_MAG.spice (0)(17 instances)
Flattening unmatched subcell pmos_3p3_M8SWPS in circuit PLL_FINAL_MAG.spice (0)(34 instances)
Flattening unmatched subcell nmos_3p3_5QNVWA in circuit PLL_FINAL_MAG.spice (0)(34 instances)
Flattening unmatched subcell inv in circuit PLL_FINAL_MAG.spice (0)(2 instances)
Flattening unmatched subcell pmos_3p3_MQGBLR in circuit PLL_FINAL_MAG.spice (0)(2 instances)
Flattening unmatched subcell nmos_3p3_DDNVWA in circuit PLL_FINAL_MAG.spice (0)(2 instances)
Flattening unmatched subcell buffer_loading_mag in circuit PLL_FINAL_MAG.spice (0)(2 instances)
Flattening unmatched subcell nmos_3p3_5GGST2 in circuit PLL_FINAL_MAG.spice (0)(2 instances)
Flattening unmatched subcell pmos_3p3_MWXUAR in circuit PLL_FINAL_MAG.spice (0)(2 instances)
Flattening unmatched subcell buffer_mag in circuit PLL_FINAL_MAG.spice (0)(1 instance)
Flattening unmatched subcell gf_inv_mag in circuit PLL_FINAL_MAG.spice (0)(2 instances)
Flattening unmatched subcell nmos_3p3_EA23U2 in circuit PLL_FINAL_MAG.spice (0)(2 instances)
Flattening unmatched subcell pmos_3p3_M6H3WS in circuit PLL_FINAL_MAG.spice (0)(2 instances)
Flattening unmatched subcell LF_mag in circuit PLL_FINAL_MAG.spice (0)(1 instance)
Flattening unmatched subcell cap3p_layout in circuit PLL_FINAL_MAG.spice (0)(1 instance)
Flattening unmatched subcell mim_2p0fF_WS3THJ in circuit PLL_FINAL_MAG.spice (0)(1 instance)
Flattening unmatched subcell res_48k_mag in circuit PLL_FINAL_MAG.spice (0)(1 instance)
Flattening unmatched subcell ppolyf_u_3D7VPB in circuit PLL_FINAL_MAG.spice (0)(1 instance)
Flattening unmatched subcell cap80p_mag in circuit PLL_FINAL_MAG.spice (0)(1 instance)
Flattening unmatched subcell mim_2p0fF_Q67PCK in circuit PLL_FINAL_MAG.spice (0)(1 instance)
Flattening unmatched subcell CP_mag in circuit PLL_FINAL_MAG.spice (0)(1 instance)
Flattening unmatched subcell nmos_3p3_GYTGVN in circuit PLL_FINAL_MAG.spice (0)(3 instances)
Flattening unmatched subcell pmos_3p3_HVHFD7 in circuit PLL_FINAL_MAG.spice (0)(3 instances)
Flattening unmatched subcell inv in circuit PLL_FINAL_MAG.spice (0)(1 instance)
Flattening unmatched subcell pmos_3p3_MQGBLR in circuit PLL_FINAL_MAG.spice (0)(1 instance)
Flattening unmatched subcell nmos_3p3_DDNVWA in circuit PLL_FINAL_MAG.spice (0)(1 instance)
Flattening unmatched subcell pre_div_mag in circuit PLL_FINAL_MAG.spice (0)(1 instance)
Flattening unmatched subcell mux_4x1 in circuit PLL_FINAL_MAG.spice (0)(1 instance)
Flattening unmatched subcell mux_2x1 in circuit PLL_FINAL_MAG.spice (0)(3 instances)
Flattening unmatched subcell nand2 in circuit PLL_FINAL_MAG.spice (0)(9 instances)
Flattening unmatched subcell pmos_3p3_M8SWPS in circuit PLL_FINAL_MAG.spice (0)(18 instances)
Flattening unmatched subcell nmos_3p3_5QNVWA in circuit PLL_FINAL_MAG.spice (0)(18 instances)
Flattening unmatched subcell nverterlayout in circuit PLL_FINAL_MAG.spice (0)(3 instances)
Flattening unmatched subcell pmos_3p3_MQGBLR in circuit PLL_FINAL_MAG.spice (0)(3 instances)
Flattening unmatched subcell nmos_3p3_DDNVWA in circuit PLL_FINAL_MAG.spice (0)(3 instances)
Flattening unmatched subcell dec_2x4_ibr_mag in circuit PLL_FINAL_MAG.spice (0)(1 instance)
Flattening unmatched subcell and_2_ibr in circuit PLL_FINAL_MAG.spice (0)(4 instances)
Flattening unmatched subcell nand2_ibr in circuit PLL_FINAL_MAG.spice (0)(4 instances)
Flattening unmatched subcell pmos_3p3_M8SWPS in circuit PLL_FINAL_MAG.spice (0)(8 instances)
Flattening unmatched subcell nmos_3p3_5QNVWA in circuit PLL_FINAL_MAG.spice (0)(8 instances)
Flattening unmatched subcell nverterlayout_ibr in circuit PLL_FINAL_MAG.spice (0)(6 instances)
Flattening unmatched subcell pmos_3p3_MQGBLR in circuit PLL_FINAL_MAG.spice (0)(6 instances)
Flattening unmatched subcell nmos_3p3_DDNVWA in circuit PLL_FINAL_MAG.spice (0)(6 instances)
Flattening unmatched subcell CLK_div_4_mag in circuit PLL_FINAL_MAG.spice (0)(1 instance)
Flattening unmatched subcell CLK_div_2_mag in circuit PLL_FINAL_MAG.spice (0)(3 instances)
Flattening unmatched subcell JK_FF_mag in circuit PLL_FINAL_MAG.spice (0)(3 instances)
Flattening unmatched subcell nand2_mag in circuit PLL_FINAL_MAG.spice (0)(15 instances)
Flattening unmatched subcell pmos_3p3_M8SWPS in circuit PLL_FINAL_MAG.spice (0)(30 instances)
Flattening unmatched subcell nmos_3p3_5QNVWA in circuit PLL_FINAL_MAG.spice (0)(30 instances)
Flattening unmatched subcell nand3_mag in circuit PLL_FINAL_MAG.spice (0)(9 instances)
Flattening unmatched subcell nmos_3p3_VGTVWA in circuit PLL_FINAL_MAG.spice (0)(27 instances)
Flattening unmatched subcell pmos_3p3_M8SWPS in circuit PLL_FINAL_MAG.spice (0)(27 instances)
Flattening unmatched subcell gf_inv_mag[[0]] in circuit PLL_FINAL_MAG.spice (0)(3 instances)
Flattening unmatched subcell pmos_3p3_MQGBLR in circuit PLL_FINAL_MAG.spice (0)(3 instances)
Flattening unmatched subcell nmos_3p3_DDNVWA in circuit PLL_FINAL_MAG.spice (0)(3 instances)
Flattening unmatched subcell CLK_div_3_mag in circuit PLL_FINAL_MAG.spice (0)(1 instance)
Flattening unmatched subcell JK_FF_mag in circuit PLL_FINAL_MAG.spice (0)(2 instances)
Flattening unmatched subcell nand2_mag in circuit PLL_FINAL_MAG.spice (0)(10 instances)
Flattening unmatched subcell pmos_3p3_M8SWPS in circuit PLL_FINAL_MAG.spice (0)(20 instances)
Flattening unmatched subcell nmos_3p3_5QNVWA in circuit PLL_FINAL_MAG.spice (0)(20 instances)
Flattening unmatched subcell nand3_mag in circuit PLL_FINAL_MAG.spice (0)(6 instances)
Flattening unmatched subcell nmos_3p3_VGTVWA in circuit PLL_FINAL_MAG.spice (0)(18 instances)
Flattening unmatched subcell pmos_3p3_M8SWPS in circuit PLL_FINAL_MAG.spice (0)(18 instances)
Flattening unmatched subcell gf_inv_mag[[0]] in circuit PLL_FINAL_MAG.spice (0)(2 instances)
Flattening unmatched subcell pmos_3p3_MQGBLR in circuit PLL_FINAL_MAG.spice (0)(2 instances)
Flattening unmatched subcell nmos_3p3_DDNVWA in circuit PLL_FINAL_MAG.spice (0)(2 instances)
Flattening unmatched subcell or_2_mag in circuit PLL_FINAL_MAG.spice (0)(1 instance)
Flattening unmatched subcell pmos_3p3_M8QNDR in circuit PLL_FINAL_MAG.spice (0)(1 instance)
Flattening unmatched subcell gf_inv_mag[[0]] in circuit PLL_FINAL_MAG.spice (0)(1 instance)
Flattening unmatched subcell pmos_3p3_MQGBLR in circuit PLL_FINAL_MAG.spice (0)(1 instance)
Flattening unmatched subcell nmos_3p3_DDNVWA in circuit PLL_FINAL_MAG.spice (0)(3 instances)
Flattening unmatched subcell pmos_3p3_M4YALR in circuit PLL_FINAL_MAG.spice (0)(1 instance)
Flattening unmatched subcell and2_mag in circuit PLL_FINAL_MAG.spice (0)(1 instance)
Flattening unmatched subcell pmos_3p3_M8SWPS in circuit PLL_FINAL_MAG.spice (0)(2 instances)
Flattening unmatched subcell gf_inv_mag[[0]] in circuit PLL_FINAL_MAG.spice (0)(1 instance)
Flattening unmatched subcell pmos_3p3_MQGBLR in circuit PLL_FINAL_MAG.spice (0)(1 instance)
Flattening unmatched subcell nmos_3p3_DDNVWA in circuit PLL_FINAL_MAG.spice (0)(1 instance)
Flattening unmatched subcell nmos_3p3_5QNVWA in circuit PLL_FINAL_MAG.spice (0)(2 instances)
Flattening unmatched subcell Buffer_delayed_mag in circuit PLL_FINAL_MAG.spice (0)(1 instance)
Flattening unmatched subcell pmos_3p3_MW53B7 in circuit PLL_FINAL_MAG.spice (0)(1 instance)
Flattening unmatched subcell Inverter_delayed_mag in circuit PLL_FINAL_MAG.spice (0)(1 instance)
Flattening unmatched subcell pmos_3p3_MW53B7 in circuit PLL_FINAL_MAG.spice (0)(1 instance)
Flattening unmatched subcell nmos_3p3_MGBSF7 in circuit PLL_FINAL_MAG.spice (0)(2 instances)
Flattening unmatched subcell A_MUX_mag in circuit PLL_FINAL_MAG.spice (0)(2 instances)
Flattening unmatched subcell VCO_mag in circuit PLL_FINAL_MAG.spice (0)(1 instance)
Flattening unmatched subcell GF_INV4 in circuit PLL_FINAL_MAG.spice (0)(2 instances)
Flattening unmatched subcell nmos_3p3_9MTZEK in circuit PLL_FINAL_MAG.spice (0)(2 instances)
Flattening unmatched subcell pmos_3p3_585UPK in circuit PLL_FINAL_MAG.spice (0)(2 instances)
Flattening unmatched subcell Delay_Cell_mag in circuit PLL_FINAL_MAG.spice (0)(4 instances)
Flattening unmatched subcell pmos_3p3_ZB3RD7 in circuit PLL_FINAL_MAG.spice (0)(24 instances)
Flattening unmatched subcell nmos_3p3_FSHHD6 in circuit PLL_FINAL_MAG.spice (0)(4 instances)
Flattening unmatched subcell nmos_3p3_VMHHD6 in circuit PLL_FINAL_MAG.spice (0)(12 instances)
Flattening unmatched subcell nmos_3p3_QNHHD6 in circuit PLL_FINAL_MAG.spice (0)(8 instances)
Flattening unmatched subcell GF_INV1 in circuit PLL_FINAL_MAG.spice (0)(2 instances)
Flattening unmatched subcell nmos_3p3_AQSZEK in circuit PLL_FINAL_MAG.spice (0)(2 instances)
Flattening unmatched subcell pmos_3p3_HBGRPK in circuit PLL_FINAL_MAG.spice (0)(2 instances)
Flattening unmatched subcell GF_INV16 in circuit PLL_FINAL_MAG.spice (0)(2 instances)
Flattening unmatched subcell pmos_3p3_MD4UPK in circuit PLL_FINAL_MAG.spice (0)(2 instances)
Flattening unmatched subcell nmos_3p3_S7UZWU in circuit PLL_FINAL_MAG.spice (0)(2 instances)
Flattening unmatched subcell Stage_INV in circuit PLL_FINAL_MAG.spice (0)(2 instances)
Flattening unmatched subcell pmos_3p3_HDJZPK in circuit PLL_FINAL_MAG.spice (0)(2 instances)
Flattening unmatched subcell nmos_3p3_VDSZE6 in circuit PLL_FINAL_MAG.spice (0)(2 instances)
Flattening unmatched subcell a2x1mux_mag in circuit PLL_FINAL_MAG.spice (0)(1 instance)
Flattening unmatched subcell inv_my_mag in circuit PLL_FINAL_MAG.spice (0)(1 instance)
Flattening unmatched subcell pmos_3p3_MQGBLR in circuit PLL_FINAL_MAG.spice (0)(1 instance)
Flattening unmatched subcell nmos_3p3_DDNVWA in circuit PLL_FINAL_MAG.spice (0)(1 instance)
Flattening unmatched subcell Transmission_gate_mag in circuit PLL_FINAL_MAG.spice (0)(2 instances)
Flattening unmatched subcell inv_my_mag in circuit PLL_FINAL_MAG.spice (0)(2 instances)
Flattening unmatched subcell pmos_3p3_MQGBLR in circuit PLL_FINAL_MAG.spice (0)(2 instances)
Flattening unmatched subcell nmos_3p3_DDNVWA in circuit PLL_FINAL_MAG.spice (0)(2 instances)
Flattening unmatched subcell pmos_3p3_Q354KU in circuit PLL_FINAL_MAG.spice (0)(2 instances)
Flattening unmatched subcell nmos_3p3_W9BEG7 in circuit PLL_FINAL_MAG.spice (0)(2 instances)
Flattening unmatched subcell PFD in circuit PLL_FINAL_SCH.spice (1)(1 instance)
Flattening unmatched subcell DFF in circuit PLL_FINAL_SCH.spice (1)(2 instances)
Flattening unmatched subcell NAND_pfd in circuit PLL_FINAL_SCH.spice (1)(16 instances)
Flattening unmatched subcell inv_DFF in circuit PLL_FINAL_SCH.spice (1)(2 instances)
Flattening unmatched subcell NAND in circuit PLL_FINAL_SCH.spice (1)(1 instance)
Flattening unmatched subcell buffer_loading in circuit PLL_FINAL_SCH.spice (1)(2 instances)
Flattening unmatched subcell inv_PFD in circuit PLL_FINAL_SCH.spice (1)(2 instances)
Flattening unmatched subcell buffer_PFD in circuit PLL_FINAL_SCH.spice (1)(1 instance)
Flattening unmatched subcell GF_INV_PFD in circuit PLL_FINAL_SCH.spice (1)(2 instances)
Flattening unmatched subcell Feedback_Divider in circuit PLL_FINAL_SCH.spice (1)(1 instance)
Flattening unmatched subcell CLK_div_100 in circuit PLL_FINAL_SCH.spice (1)(1 instance)
Flattening unmatched subcell CLK_div_10 in circuit PLL_FINAL_SCH.spice (1)(2 instances)
Flattening unmatched subcell nor_3 in circuit PLL_FINAL_SCH.spice (1)(2 instances)
Flattening unmatched subcell and_2 in circuit PLL_FINAL_SCH.spice (1)(6 instances)
Flattening unmatched subcell JK_flipflop in circuit PLL_FINAL_SCH.spice (1)(8 instances)
Flattening unmatched subcell nand_3 in circuit PLL_FINAL_SCH.spice (1)(24 instances)
Flattening unmatched subcell GF_INV in circuit PLL_FINAL_SCH.spice (1)(8 instances)
Flattening unmatched subcell NAND in circuit PLL_FINAL_SCH.spice (1)(40 instances)
Flattening unmatched subcell Buffer_Delayed in circuit PLL_FINAL_SCH.spice (1)(2 instances)
Flattening unmatched subcell Inverter_Delayed in circuit PLL_FINAL_SCH.spice (1)(4 instances)
Flattening unmatched subcell CLK_div_108 in circuit PLL_FINAL_SCH.spice (1)(1 instance)
Flattening unmatched subcell CLK_div_3 in circuit PLL_FINAL_SCH.spice (1)(3 instances)
Flattening unmatched subcell JK_flipflop in circuit PLL_FINAL_SCH.spice (1)(8 instances)
Flattening unmatched subcell nand_3 in circuit PLL_FINAL_SCH.spice (1)(24 instances)
Flattening unmatched subcell GF_INV in circuit PLL_FINAL_SCH.spice (1)(8 instances)
Flattening unmatched subcell NAND in circuit PLL_FINAL_SCH.spice (1)(40 instances)
Flattening unmatched subcell or_2 in circuit PLL_FINAL_SCH.spice (1)(3 instances)
Flattening unmatched subcell GF_INV in circuit PLL_FINAL_SCH.spice (1)(3 instances)
Flattening unmatched subcell and_2 in circuit PLL_FINAL_SCH.spice (1)(3 instances)
Flattening unmatched subcell CLK_div_110 in circuit PLL_FINAL_SCH.spice (1)(1 instance)
Flattening unmatched subcell CLK_div_10 in circuit PLL_FINAL_SCH.spice (1)(1 instance)
Flattening unmatched subcell nor_3 in circuit PLL_FINAL_SCH.spice (1)(1 instance)
Flattening unmatched subcell and_2 in circuit PLL_FINAL_SCH.spice (1)(3 instances)
Flattening unmatched subcell JK_flipflop in circuit PLL_FINAL_SCH.spice (1)(4 instances)
Flattening unmatched subcell nand_3 in circuit PLL_FINAL_SCH.spice (1)(12 instances)
Flattening unmatched subcell GF_INV in circuit PLL_FINAL_SCH.spice (1)(4 instances)
Flattening unmatched subcell NAND in circuit PLL_FINAL_SCH.spice (1)(20 instances)
Flattening unmatched subcell Buffer_Delayed in circuit PLL_FINAL_SCH.spice (1)(1 instance)
Flattening unmatched subcell Inverter_Delayed in circuit PLL_FINAL_SCH.spice (1)(2 instances)
Flattening unmatched subcell CLK_div_11_new in circuit PLL_FINAL_SCH.spice (1)(1 instance)
Flattening unmatched subcell JK_flipflop in circuit PLL_FINAL_SCH.spice (1)(4 instances)
Flattening unmatched subcell nand_3 in circuit PLL_FINAL_SCH.spice (1)(14 instances)
Flattening unmatched subcell GF_INV in circuit PLL_FINAL_SCH.spice (1)(7 instances)
Flattening unmatched subcell NAND in circuit PLL_FINAL_SCH.spice (1)(20 instances)
Flattening unmatched subcell or_2 in circuit PLL_FINAL_SCH.spice (1)(3 instances)
Flattening unmatched subcell GF_INV in circuit PLL_FINAL_SCH.spice (1)(3 instances)
Flattening unmatched subcell nor_3 in circuit PLL_FINAL_SCH.spice (1)(1 instance)
Flattening unmatched subcell and_2 in circuit PLL_FINAL_SCH.spice (1)(4 instances)
Flattening unmatched subcell Buffer_Delayed in circuit PLL_FINAL_SCH.spice (1)(2 instances)
Flattening unmatched subcell Inverter_Delayed in circuit PLL_FINAL_SCH.spice (1)(4 instances)
Flattening unmatched subcell CLK_div_90 in circuit PLL_FINAL_SCH.spice (1)(1 instance)
Flattening unmatched subcell CLK_div_3 in circuit PLL_FINAL_SCH.spice (1)(2 instances)
Flattening unmatched subcell JK_flipflop in circuit PLL_FINAL_SCH.spice (1)(4 instances)
Flattening unmatched subcell nand_3 in circuit PLL_FINAL_SCH.spice (1)(12 instances)
Flattening unmatched subcell GF_INV in circuit PLL_FINAL_SCH.spice (1)(4 instances)
Flattening unmatched subcell NAND in circuit PLL_FINAL_SCH.spice (1)(20 instances)
Flattening unmatched subcell or_2 in circuit PLL_FINAL_SCH.spice (1)(2 instances)
Flattening unmatched subcell GF_INV in circuit PLL_FINAL_SCH.spice (1)(2 instances)
Flattening unmatched subcell and_2 in circuit PLL_FINAL_SCH.spice (1)(2 instances)
Flattening unmatched subcell CLK_div_10 in circuit PLL_FINAL_SCH.spice (1)(1 instance)
Flattening unmatched subcell nor_3 in circuit PLL_FINAL_SCH.spice (1)(1 instance)
Flattening unmatched subcell and_2 in circuit PLL_FINAL_SCH.spice (1)(3 instances)
Flattening unmatched subcell JK_flipflop in circuit PLL_FINAL_SCH.spice (1)(4 instances)
Flattening unmatched subcell nand_3 in circuit PLL_FINAL_SCH.spice (1)(12 instances)
Flattening unmatched subcell GF_INV in circuit PLL_FINAL_SCH.spice (1)(4 instances)
Flattening unmatched subcell NAND in circuit PLL_FINAL_SCH.spice (1)(20 instances)
Flattening unmatched subcell Buffer_Delayed in circuit PLL_FINAL_SCH.spice (1)(1 instance)
Flattening unmatched subcell Inverter_Delayed in circuit PLL_FINAL_SCH.spice (1)(2 instances)
Flattening unmatched subcell CLK_div_96 in circuit PLL_FINAL_SCH.spice (1)(1 instance)
Flattening unmatched subcell JK_flipflop in circuit PLL_FINAL_SCH.spice (1)(5 instances)
Flattening unmatched subcell nand_3 in circuit PLL_FINAL_SCH.spice (1)(15 instances)
Flattening unmatched subcell GF_INV in circuit PLL_FINAL_SCH.spice (1)(5 instances)
Flattening unmatched subcell NAND in circuit PLL_FINAL_SCH.spice (1)(25 instances)
Flattening unmatched subcell CLK_div_3 in circuit PLL_FINAL_SCH.spice (1)(1 instance)
Flattening unmatched subcell JK_flipflop in circuit PLL_FINAL_SCH.spice (1)(2 instances)
Flattening unmatched subcell nand_3 in circuit PLL_FINAL_SCH.spice (1)(6 instances)
Flattening unmatched subcell GF_INV in circuit PLL_FINAL_SCH.spice (1)(2 instances)
Flattening unmatched subcell NAND in circuit PLL_FINAL_SCH.spice (1)(10 instances)
Flattening unmatched subcell or_2 in circuit PLL_FINAL_SCH.spice (1)(1 instance)
Flattening unmatched subcell GF_INV in circuit PLL_FINAL_SCH.spice (1)(1 instance)
Flattening unmatched subcell and_2 in circuit PLL_FINAL_SCH.spice (1)(1 instance)
Flattening unmatched subcell CLK_div_93 in circuit PLL_FINAL_SCH.spice (1)(1 instance)
Flattening unmatched subcell CLK_div_31 in circuit PLL_FINAL_SCH.spice (1)(1 instance)
Flattening unmatched subcell JK_flipflop in circuit PLL_FINAL_SCH.spice (1)(5 instances)
Flattening unmatched subcell nand_3 in circuit PLL_FINAL_SCH.spice (1)(15 instances)
Flattening unmatched subcell GF_INV in circuit PLL_FINAL_SCH.spice (1)(5 instances)
Flattening unmatched subcell NAND in circuit PLL_FINAL_SCH.spice (1)(25 instances)
Flattening unmatched subcell nand_5 in circuit PLL_FINAL_SCH.spice (1)(1 instance)
Flattening unmatched subcell GF_INV in circuit PLL_FINAL_SCH.spice (1)(1 instance)
Flattening unmatched subcell and_5 in circuit PLL_FINAL_SCH.spice (1)(2 instances)
Flattening unmatched subcell and_2 in circuit PLL_FINAL_SCH.spice (1)(8 instances)
Flattening unmatched subcell or_2 in circuit PLL_FINAL_SCH.spice (1)(1 instance)
Flattening unmatched subcell GF_INV in circuit PLL_FINAL_SCH.spice (1)(1 instance)
Flattening unmatched subcell Buffer_Delayed1 in circuit PLL_FINAL_SCH.spice (1)(1 instance)
Flattening unmatched subcell Inverter_Delayed in circuit PLL_FINAL_SCH.spice (1)(16 instances)
Flattening unmatched subcell CLK_div_3 in circuit PLL_FINAL_SCH.spice (1)(1 instance)
Flattening unmatched subcell JK_flipflop in circuit PLL_FINAL_SCH.spice (1)(2 instances)
Flattening unmatched subcell nand_3 in circuit PLL_FINAL_SCH.spice (1)(6 instances)
Flattening unmatched subcell GF_INV in circuit PLL_FINAL_SCH.spice (1)(2 instances)
Flattening unmatched subcell NAND in circuit PLL_FINAL_SCH.spice (1)(10 instances)
Flattening unmatched subcell or_2 in circuit PLL_FINAL_SCH.spice (1)(1 instance)
Flattening unmatched subcell GF_INV in circuit PLL_FINAL_SCH.spice (1)(1 instance)
Flattening unmatched subcell and_2 in circuit PLL_FINAL_SCH.spice (1)(1 instance)
Flattening unmatched subcell CLK_div_99 in circuit PLL_FINAL_SCH.spice (1)(1 instance)
Flattening unmatched subcell CLK_div_3 in circuit PLL_FINAL_SCH.spice (1)(2 instances)
Flattening unmatched subcell JK_flipflop in circuit PLL_FINAL_SCH.spice (1)(4 instances)
Flattening unmatched subcell nand_3 in circuit PLL_FINAL_SCH.spice (1)(12 instances)
Flattening unmatched subcell GF_INV in circuit PLL_FINAL_SCH.spice (1)(4 instances)
Flattening unmatched subcell NAND in circuit PLL_FINAL_SCH.spice (1)(20 instances)
Flattening unmatched subcell or_2 in circuit PLL_FINAL_SCH.spice (1)(2 instances)
Flattening unmatched subcell GF_INV in circuit PLL_FINAL_SCH.spice (1)(2 instances)
Flattening unmatched subcell and_2 in circuit PLL_FINAL_SCH.spice (1)(2 instances)
Flattening unmatched subcell CLK_div_11_new in circuit PLL_FINAL_SCH.spice (1)(1 instance)
Flattening unmatched subcell JK_flipflop in circuit PLL_FINAL_SCH.spice (1)(4 instances)
Flattening unmatched subcell nand_3 in circuit PLL_FINAL_SCH.spice (1)(14 instances)
Flattening unmatched subcell GF_INV in circuit PLL_FINAL_SCH.spice (1)(7 instances)
Flattening unmatched subcell NAND in circuit PLL_FINAL_SCH.spice (1)(20 instances)
Flattening unmatched subcell or_2 in circuit PLL_FINAL_SCH.spice (1)(3 instances)
Flattening unmatched subcell GF_INV in circuit PLL_FINAL_SCH.spice (1)(3 instances)
Flattening unmatched subcell nor_3 in circuit PLL_FINAL_SCH.spice (1)(1 instance)
Flattening unmatched subcell and_2 in circuit PLL_FINAL_SCH.spice (1)(4 instances)
Flattening unmatched subcell Buffer_Delayed in circuit PLL_FINAL_SCH.spice (1)(2 instances)
Flattening unmatched subcell Inverter_Delayed in circuit PLL_FINAL_SCH.spice (1)(4 instances)
Flattening unmatched subcell 8x1_mux_ibr. in circuit PLL_FINAL_SCH.spice (1)(1 instance)
Flattening unmatched subcell 4x1_mux_ibr. in circuit PLL_FINAL_SCH.spice (1)(3 instances)
Flattening unmatched subcell 2x1_mux_ibr in circuit PLL_FINAL_SCH.spice (1)(14 instances)
Flattening unmatched subcell inv_my_ibr in circuit PLL_FINAL_SCH.spice (1)(14 instances)
Flattening unmatched subcell NAND_ibr_mx2 in circuit PLL_FINAL_SCH.spice (1)(42 instances)
Flattening unmatched subcell dec_3x8_updated_ibr in circuit PLL_FINAL_SCH.spice (1)(1 instance)
Flattening unmatched subcell inv_my_ibr in circuit PLL_FINAL_SCH.spice (1)(3 instances)
Flattening unmatched subcell CLK_div_105 in circuit PLL_FINAL_SCH.spice (1)(1 instance)
Flattening unmatched subcell CLK_div_10 in circuit PLL_FINAL_SCH.spice (1)(2 instances)
Flattening unmatched subcell nor_3 in circuit PLL_FINAL_SCH.spice (1)(2 instances)
Flattening unmatched subcell and_2 in circuit PLL_FINAL_SCH.spice (1)(6 instances)
Flattening unmatched subcell JK_flipflop in circuit PLL_FINAL_SCH.spice (1)(8 instances)
Flattening unmatched subcell nand_3 in circuit PLL_FINAL_SCH.spice (1)(24 instances)
Flattening unmatched subcell GF_INV in circuit PLL_FINAL_SCH.spice (1)(8 instances)
Flattening unmatched subcell NAND in circuit PLL_FINAL_SCH.spice (1)(40 instances)
Flattening unmatched subcell Buffer_Delayed in circuit PLL_FINAL_SCH.spice (1)(2 instances)
Flattening unmatched subcell Inverter_Delayed in circuit PLL_FINAL_SCH.spice (1)(4 instances)
Flattening unmatched subcell Output_Divider in circuit PLL_FINAL_SCH.spice (1)(2 instances)
Flattening unmatched subcell CLK_div_2 in circuit PLL_FINAL_SCH.spice (1)(2 instances)
Flattening unmatched subcell JK_flipflop in circuit PLL_FINAL_SCH.spice (1)(2 instances)
Flattening unmatched subcell nand_3 in circuit PLL_FINAL_SCH.spice (1)(6 instances)
Flattening unmatched subcell GF_INV in circuit PLL_FINAL_SCH.spice (1)(2 instances)
Flattening unmatched subcell NAND in circuit PLL_FINAL_SCH.spice (1)(10 instances)
Flattening unmatched subcell CLK_div_3 in circuit PLL_FINAL_SCH.spice (1)(2 instances)
Flattening unmatched subcell JK_flipflop in circuit PLL_FINAL_SCH.spice (1)(4 instances)
Flattening unmatched subcell nand_3 in circuit PLL_FINAL_SCH.spice (1)(12 instances)
Flattening unmatched subcell GF_INV in circuit PLL_FINAL_SCH.spice (1)(4 instances)
Flattening unmatched subcell NAND in circuit PLL_FINAL_SCH.spice (1)(20 instances)
Flattening unmatched subcell or_2 in circuit PLL_FINAL_SCH.spice (1)(2 instances)
Flattening unmatched subcell GF_INV in circuit PLL_FINAL_SCH.spice (1)(2 instances)
Flattening unmatched subcell and_2 in circuit PLL_FINAL_SCH.spice (1)(2 instances)
Flattening unmatched subcell CLK_div_4 in circuit PLL_FINAL_SCH.spice (1)(2 instances)
Flattening unmatched subcell CLK_div_2 in circuit PLL_FINAL_SCH.spice (1)(4 instances)
Flattening unmatched subcell JK_flipflop in circuit PLL_FINAL_SCH.spice (1)(4 instances)
Flattening unmatched subcell nand_3 in circuit PLL_FINAL_SCH.spice (1)(12 instances)
Flattening unmatched subcell GF_INV in circuit PLL_FINAL_SCH.spice (1)(4 instances)
Flattening unmatched subcell NAND in circuit PLL_FINAL_SCH.spice (1)(20 instances)
Flattening unmatched subcell 4x1_mux_ibr. in circuit PLL_FINAL_SCH.spice (1)(2 instances)
Flattening unmatched subcell 2x1_mux_ibr in circuit PLL_FINAL_SCH.spice (1)(6 instances)
Flattening unmatched subcell inv_my_ibr in circuit PLL_FINAL_SCH.spice (1)(6 instances)
Flattening unmatched subcell NAND_ibr_mx2 in circuit PLL_FINAL_SCH.spice (1)(18 instances)
Flattening unmatched subcell decoder_2x4_ibr in circuit PLL_FINAL_SCH.spice (1)(2 instances)
Flattening unmatched subcell inv_my_ibr in circuit PLL_FINAL_SCH.spice (1)(4 instances)
Flattening unmatched subcell and_2_ibr. in circuit PLL_FINAL_SCH.spice (1)(8 instances)
Flattening unmatched subcell inv_my_ibr in circuit PLL_FINAL_SCH.spice (1)(8 instances)
Flattening unmatched subcell NAND_ibr in circuit PLL_FINAL_SCH.spice (1)(8 instances)
Flattening unmatched subcell buffer_opd in circuit PLL_FINAL_SCH.spice (1)(2 instances)
Flattening unmatched subcell GF_INV_opd in circuit PLL_FINAL_SCH.spice (1)(4 instances)
Flattening unmatched subcell CP in circuit PLL_FINAL_SCH.spice (1)(1 instance)
Flattening unmatched subcell inv_my in circuit PLL_FINAL_SCH.spice (1)(1 instance)
Flattening unmatched subcell A_MUX in circuit PLL_FINAL_SCH.spice (1)(2 instances)
Flattening unmatched subcell LF in circuit PLL_FINAL_SCH.spice (1)(1 instance)
Flattening unmatched subcell res_sch in circuit PLL_FINAL_SCH.spice (1)(1 instance)
Flattening unmatched subcell cap80p in circuit PLL_FINAL_SCH.spice (1)(1 instance)
Flattening unmatched subcell cap3p in circuit PLL_FINAL_SCH.spice (1)(1 instance)
Flattening unmatched subcell a2x1mux in circuit PLL_FINAL_SCH.spice (1)(1 instance)
Flattening unmatched subcell Transmission_Gate in circuit PLL_FINAL_SCH.spice (1)(2 instances)
Flattening unmatched subcell inv_my in circuit PLL_FINAL_SCH.spice (1)(3 instances)
Flattening unmatched subcell Prescaler_Divider in circuit PLL_FINAL_SCH.spice (1)(1 instance)
Flattening unmatched subcell CLK_div_2 in circuit PLL_FINAL_SCH.spice (1)(1 instance)
Flattening unmatched subcell JK_flipflop in circuit PLL_FINAL_SCH.spice (1)(1 instance)
Flattening unmatched subcell nand_3 in circuit PLL_FINAL_SCH.spice (1)(3 instances)
Flattening unmatched subcell GF_INV in circuit PLL_FINAL_SCH.spice (1)(1 instance)
Flattening unmatched subcell NAND in circuit PLL_FINAL_SCH.spice (1)(5 instances)
Flattening unmatched subcell CLK_div_3 in circuit PLL_FINAL_SCH.spice (1)(1 instance)
Flattening unmatched subcell JK_flipflop in circuit PLL_FINAL_SCH.spice (1)(2 instances)
Flattening unmatched subcell nand_3 in circuit PLL_FINAL_SCH.spice (1)(6 instances)
Flattening unmatched subcell GF_INV in circuit PLL_FINAL_SCH.spice (1)(2 instances)
Flattening unmatched subcell NAND in circuit PLL_FINAL_SCH.spice (1)(10 instances)
Flattening unmatched subcell or_2 in circuit PLL_FINAL_SCH.spice (1)(1 instance)
Flattening unmatched subcell GF_INV in circuit PLL_FINAL_SCH.spice (1)(1 instance)
Flattening unmatched subcell and_2 in circuit PLL_FINAL_SCH.spice (1)(1 instance)
Flattening unmatched subcell CLK_div_4 in circuit PLL_FINAL_SCH.spice (1)(1 instance)
Flattening unmatched subcell CLK_div_2 in circuit PLL_FINAL_SCH.spice (1)(2 instances)
Flattening unmatched subcell JK_flipflop in circuit PLL_FINAL_SCH.spice (1)(2 instances)
Flattening unmatched subcell nand_3 in circuit PLL_FINAL_SCH.spice (1)(6 instances)
Flattening unmatched subcell GF_INV in circuit PLL_FINAL_SCH.spice (1)(2 instances)
Flattening unmatched subcell NAND in circuit PLL_FINAL_SCH.spice (1)(10 instances)
Flattening unmatched subcell 4x1_mux_ibr. in circuit PLL_FINAL_SCH.spice (1)(1 instance)
Flattening unmatched subcell 2x1_mux_ibr in circuit PLL_FINAL_SCH.spice (1)(3 instances)
Flattening unmatched subcell inv_my_ibr in circuit PLL_FINAL_SCH.spice (1)(3 instances)
Flattening unmatched subcell NAND_ibr_mx2 in circuit PLL_FINAL_SCH.spice (1)(9 instances)
Flattening unmatched subcell decoder_2x4_ibr in circuit PLL_FINAL_SCH.spice (1)(1 instance)
Flattening unmatched subcell inv_my_ibr in circuit PLL_FINAL_SCH.spice (1)(2 instances)
Flattening unmatched subcell and_2_ibr. in circuit PLL_FINAL_SCH.spice (1)(4 instances)
Flattening unmatched subcell inv_my_ibr in circuit PLL_FINAL_SCH.spice (1)(4 instances)
Flattening unmatched subcell NAND_ibr in circuit PLL_FINAL_SCH.spice (1)(4 instances)
Flattening unmatched subcell buffer_opd in circuit PLL_FINAL_SCH.spice (1)(1 instance)
Flattening unmatched subcell GF_INV_opd in circuit PLL_FINAL_SCH.spice (1)(2 instances)
Flattening unmatched subcell VCO in circuit PLL_FINAL_SCH.spice (1)(1 instance)
Flattening unmatched subcell GF_INV_1 in circuit PLL_FINAL_SCH.spice (1)(2 instances)
Flattening unmatched subcell GF_INV_4 in circuit PLL_FINAL_SCH.spice (1)(2 instances)
Flattening unmatched subcell GF_INV_16 in circuit PLL_FINAL_SCH.spice (1)(2 instances)
Flattening unmatched subcell GF_INV_STAGE in circuit PLL_FINAL_SCH.spice (1)(2 instances)
Flattening unmatched subcell Delay_Cell in circuit PLL_FINAL_SCH.spice (1)(4 instances)
Flattening unmatched subcell Tappered-Buffer_1 in circuit PLL_FINAL_SCH.spice (1)(3 instances)
Flattening unmatched subcell Current_Mirror_Top_s in circuit PLL_FINAL_SCH.spice (1)(1 instance)

Class PLL_FINAL_MAG.spice (0):  Merged 888 parallel devices.
Class PLL_FINAL_MAG.spice (0):  Merged 9 series devices.
Class PLL_FINAL_SCH.spice (1):  Merged 9 parallel devices.
Subcircuit summary:
Circuit 1: PLL_FINAL_MAG.spice             |Circuit 2: PLL_FINAL_SCH.spice             
-------------------------------------------|-------------------------------------------
pfet_03v3 (2612->2160)                     |pfet_03v3 (2249->2160)                     
nfet_03v3 (2532->2159)                     |nfet_03v3 (4471->2159)                     
INV_2 (5)                                  |INV_2 (5)                                  
cap_mim_2f0_m4m5_noshield (65->2)          |cap_mim_2f0_m4m5_noshield (65->2)          
ppolyf_u (10->1)                           |ppolyf_u (1)                               
Tr_Gate (4)                                |TR_Gate (4)                                
Number of devices: 4331                    |Number of devices: 4331                    
Number of nets: 2195                       |Number of nets: 2195                       
---------------------------------------------------------------------------------------
Resolving symmetries by property value.
Resolving symmetries by pin name.
Netlists match uniquely.
Cells have no pins;  pin matching not needed.
Device classes PLL_FINAL_MAG.spice and PLL_FINAL_SCH.spice are equivalent.

Final result: Circuits match uniquely.
.
