
Circuit 1 cell pfet_03v3 and Circuit 2 cell pfet_03v3 are black boxes.
Equate elements:  no current cell.
Device classes pfet_03v3 and pfet_03v3 are equivalent.

Circuit 1 cell nfet_03v3 and Circuit 2 cell nfet_03v3 are black boxes.
Equate elements:  no current cell.
Device classes nfet_03v3 and nfet_03v3 are equivalent.
Flattening unmatched subcell pmos_3p3_METUKR in circuit Transmission_Gate_Layout.spice (0)(1 instance)
Flattening unmatched subcell nmos_3p3_Y4JRT2 in circuit Transmission_Gate_Layout.spice (0)(1 instance)
Flattening unmatched subcell nmos_3p3_RZHRT2 in circuit Transmission_Gate_Layout.spice (0)(1 instance)
Flattening unmatched subcell pmos_3p3_M6SUKR in circuit Transmission_Gate_Layout.spice (0)(1 instance)

Class Transmission_Gate_Layout.spice (0):  Merged 50 parallel devices.
Subcircuit summary:
Circuit 1: Transmission_Gate_Layout.spice  |Circuit 2: Transmission_Gate.spice         
-------------------------------------------|-------------------------------------------
pfet_03v3 (27->2)                          |pfet_03v3 (2)                              
nfet_03v3 (27->2)                          |nfet_03v3 (2)                              
Number of devices: 4                       |Number of devices: 4                       
Number of nets: 6                          |Number of nets: 6                          
---------------------------------------------------------------------------------------
Resolving symmetries by property value.
Resolving symmetries by pin name.
Netlists match uniquely.
Cells have no pins;  pin matching not needed.
Device classes Transmission_Gate_Layout.spice and Transmission_Gate.spice are equivalent.

Final result: Circuits match uniquely.
.
