
Circuit 1 cell nfet_03v3 and Circuit 2 cell nfet_03v3 are black boxes.
Equate elements:  no current cell.
Device classes nfet_03v3 and nfet_03v3 are equivalent.

Circuit 1 cell pfet_03v3 and Circuit 2 cell pfet_03v3 are black boxes.
Equate elements:  no current cell.
Device classes pfet_03v3 and pfet_03v3 are equivalent.

Circuit 1 cell cap_mim_2f0_m4m5_noshield and Circuit 2 cell cap_mim_2f0_m4m5_noshield are black boxes.
Equate elements:  no current cell.
Device classes cap_mim_2f0_m4m5_noshield and cap_mim_2f0_m4m5_noshield are equivalent.

Circuit 1 cell ppolyf_u and Circuit 2 cell ppolyf_u are black boxes.
Equate elements:  no current cell.
Device classes ppolyf_u and ppolyf_u are equivalent.
Flattening unmatched subcell nfet_03v3_CT75PZ in circuit comple_pico.spice (0)(8 instances)
Flattening unmatched subcell ppolyf_u_TVCJSY in circuit comple_pico.spice (0)(1 instance)
Flattening unmatched subcell ppolyf_u_WUY3SH in circuit comple_pico.spice (0)(1 instance)
Flattening unmatched subcell trans_block_mag in circuit comple_pico.spice (0)(1 instance)
Flattening unmatched subcell Transmission_Gate_Layout in circuit comple_pico.spice (0)(10 instances)
Flattening unmatched subcell pmos_3p3_METUKR in circuit comple_pico.spice (0)(10 instances)
Flattening unmatched subcell nmos_3p3_RZHRT2 in circuit comple_pico.spice (0)(10 instances)
Flattening unmatched subcell nmos_3p3_Y4JRT2 in circuit comple_pico.spice (0)(10 instances)
Flattening unmatched subcell pmos_3p3_M6SUKR in circuit comple_pico.spice (0)(10 instances)
Flattening unmatched subcell ppolyf_u_RKAYB7 in circuit comple_pico.spice (0)(5 instances)
Flattening unmatched subcell pfet_03v3_9DZW5M in circuit comple_pico.spice (0)(1 instance)
Flattening unmatched subcell fold_cascode_opamp_mag in circuit comple_pico.spice (0)(2 instances)
Flattening unmatched subcell pmos_3p3_9K6RD7 in circuit comple_pico.spice (0)(48 instances)
Flattening unmatched subcell pmos_3p3_MA2VAR#0 in circuit comple_pico.spice (0)(64 instances)
Flattening unmatched subcell pmos_3p3_VK6RD7 in circuit comple_pico.spice (0)(16 instances)
Flattening unmatched subcell pmos_3p3_HWZ2RY in circuit comple_pico.spice (0)(6 instances)
Flattening unmatched subcell nmos_3p3_276RTJ#0 in circuit comple_pico.spice (0)(24 instances)
Flattening unmatched subcell nmos_3p3_M86RTJ#0 in circuit comple_pico.spice (0)(80 instances)
Flattening unmatched subcell pmos_3p3_MAJNAR in circuit comple_pico.spice (0)(12 instances)
Flattening unmatched subcell pmos_3p3_VTYQD7 in circuit comple_pico.spice (0)(6 instances)
Flattening unmatched subcell cap_mim_2p0fF_XHV85N in circuit comple_pico.spice (0)(2 instances)
Flattening unmatched subcell nmos_3p3_NQ5EG7 in circuit comple_pico.spice (0)(4 instances)
Flattening unmatched subcell nmos_3p3_QNHHV5 in circuit comple_pico.spice (0)(16 instances)
Flattening unmatched subcell nmos_3p3_4F3WC4 in circuit comple_pico.spice (0)(4 instances)
Flattening unmatched subcell pmos_3p3_H6V2RY in circuit comple_pico.spice (0)(4 instances)
Flattening unmatched subcell pmos_3p3_M22VUP in circuit comple_pico.spice (0)(8 instances)
Flattening unmatched subcell pmos_3p3_M22VAR#0 in circuit comple_pico.spice (0)(20 instances)
Flattening unmatched subcell nmos_3p3_5F3WC4 in circuit comple_pico.spice (0)(2 instances)
Flattening unmatched subcell pmos_3p3_M2JNAR in circuit comple_pico.spice (0)(6 instances)
Flattening unmatched subcell pmos_3p3_MJGNAR in circuit comple_pico.spice (0)(12 instances)
Flattening unmatched subcell nmos_3p3_676RTJ in circuit comple_pico.spice (0)(4 instances)
Flattening unmatched subcell ppolyf_u_WRMTN3 in circuit comple_pico.spice (0)(2 instances)
Flattening unmatched subcell nmos_3p3_M56RTJ in circuit comple_pico.spice (0)(8 instances)
Flattening unmatched subcell pmos_3p3_9BLZD7 in circuit comple_pico.spice (0)(2 instances)
Flattening unmatched subcell nmos_3p3_N3WVC4 in circuit comple_pico.spice (0)(4 instances)
Flattening unmatched subcell Folded_Diff_Op_Amp_Layout in circuit comple_pico.spice (0)(1 instance)
Flattening unmatched subcell pmos_3p3_ME7U2H in circuit comple_pico.spice (0)(32 instances)
Flattening unmatched subcell pmos_3p3_MA2VAR in circuit comple_pico.spice (0)(112 instances)
Flattening unmatched subcell nmos_3p3_876RT2 in circuit comple_pico.spice (0)(12 instances)
Flattening unmatched subcell nmos_3p3_3A6RT2 in circuit comple_pico.spice (0)(27 instances)
Flattening unmatched subcell nmos_3p3_7WQWW2 in circuit comple_pico.spice (0)(36 instances)
Flattening unmatched subcell pmos_3p3_M22VAR in circuit comple_pico.spice (0)(196 instances)
Flattening unmatched subcell pmos_3p3_MNS6FR in circuit comple_pico.spice (0)(18 instances)
Flattening unmatched subcell nmos_3p3_M86RTJ in circuit comple_pico.spice (0)(72 instances)
Flattening unmatched subcell nmos_3p3_276RTJ in circuit comple_pico.spice (0)(54 instances)
Flattening unmatched subcell nmos_3p3_2F3WC4 in circuit comple_pico.spice (0)(2 instances)
Flattening unmatched subcell ppolyf_u_2VJWHK in circuit comple_pico.spice (0)(8 instances)
Flattening unmatched subcell nmos_3p3_NE3WC4 in circuit comple_pico.spice (0)(3 instances)
Flattening unmatched subcell nmos_3p3_EA6RT2 in circuit comple_pico.spice (0)(7 instances)
Flattening unmatched subcell pmos_3p3_5L6RD7 in circuit comple_pico.spice (0)(2 instances)
Flattening unmatched subcell nmos_3p3_S75EG7 in circuit comple_pico.spice (0)(1 instance)
Flattening unmatched subcell nmos_3p3_5J7TC4 in circuit comple_pico.spice (0)(2 instances)
Flattening unmatched subcell pmos_3p3_MYZUAR in circuit comple_pico.spice (0)(7 instances)
Flattening unmatched subcell pmos_3p3_MAEVAR in circuit comple_pico.spice (0)(1 instance)
Flattening unmatched subcell pmos_3p3_MES6FR in circuit comple_pico.spice (0)(24 instances)
Flattening unmatched subcell pmos_3p3_RKK9DS in circuit comple_pico.spice (0)(1 instance)
Flattening unmatched subcell cap_mim_2p0fF_3FUNHB in circuit comple_pico.spice (0)(2 instances)
Flattening unmatched subcell pmos_3p3_5UYQD7 in circuit comple_pico.spice (0)(1 instance)
Flattening unmatched subcell pmos_3p3_5LZQD7 in circuit comple_pico.spice (0)(2 instances)
Flattening unmatched subcell pmos_3p3_5C3RD7 in circuit comple_pico.spice (0)(1 instance)
Flattening unmatched subcell pmos_3p3_HMY8L7 in circuit comple_pico.spice (0)(1 instance)
Flattening unmatched subcell pmos_3p3_K823KY in circuit comple_pico.spice (0)(1 instance)
Flattening unmatched subcell nmos_3p3_JE3WC4 in circuit comple_pico.spice (0)(2 instances)
Flattening unmatched subcell nmos_3p3_U56RT2 in circuit comple_pico.spice (0)(1 instance)
Flattening unmatched subcell ppolyf_u_2V2ZHK in circuit comple_pico.spice (0)(8 instances)
Flattening unmatched subcell nmos_3p3_UUQWW2 in circuit comple_pico.spice (0)(48 instances)
Flattening unmatched subcell pmos_3p3_M2NNAR in circuit comple_pico.spice (0)(2 instances)
Flattening unmatched subcell pmos_3p3_MQ2VAR in circuit comple_pico.spice (0)(2 instances)
Flattening unmatched subcell pmos_3p3_MN7U2H in circuit comple_pico.spice (0)(24 instances)
Flattening unmatched subcell ppolyf_u_RRG95T in circuit comple_pico.spice (0)(2 instances)
Flattening unmatched subcell nmos_3p3_FSHHD6 in circuit comple_pico.spice (0)(1 instance)
Flattening unmatched subcell nmos_3p3_V56RT2 in circuit comple_pico.spice (0)(1 instance)
Flattening unmatched subcell pmos_3p3_HDY8L7 in circuit comple_pico.spice (0)(2 instances)
Flattening unmatched subcell pmos_3p3_Q3NTJU in circuit comple_pico.spice (0)(1 instance)
Flattening unmatched subcell nmos_3p3_QNHHD6 in circuit comple_pico.spice (0)(1 instance)
Flattening unmatched subcell pfet_03v3_6DHECV in circuit comple_pico.spice (0)(1 instance)
Flattening unmatched subcell nmos_3p3_6F3WC4 in circuit comple_pico.spice (0)(3 instances)
Flattening unmatched subcell ppolyf_u_RKG95T in circuit comple_pico.spice (0)(4 instances)
Flattening unmatched subcell nmos_3p3_BSHHD6 in circuit comple_pico.spice (0)(1 instance)
Flattening unmatched subcell pmos_3p3_MANNAR in circuit comple_pico.spice (0)(2 instances)
Flattening unmatched subcell pmos_3p3_MEKUKR in circuit comple_pico.spice (0)(2 instances)
Flattening unmatched subcell nmos_3p3_3AEFT2 in circuit comple_pico.spice (0)(1 instance)
Flattening unmatched subcell pmos_3p3_M82RNG in circuit comple_pico.spice (0)(2 instances)
Flattening unmatched subcell nfet_03v3_DNLN9V in circuit comple_pico.spice (0)(1 instance)
Flattening unmatched subcell nfet_03v3_CTB5PZ in circuit comple_pico.spice (0)(4 instances)
Flattening unmatched subcell MUX_8x1_Layout in circuit comple_pico.spice (0)(2 instances)
Flattening unmatched subcell Transmission_Gate_Layout_mux in circuit comple_pico.spice (0)(44 instances)
Flattening unmatched subcell pmos_3p3_METUKR#0 in circuit comple_pico.spice (0)(44 instances)
Flattening unmatched subcell nmos_3p3_RZHRT2#0 in circuit comple_pico.spice (0)(44 instances)
Flattening unmatched subcell nmos_3p3_Y4JRT2#0 in circuit comple_pico.spice (0)(44 instances)
Flattening unmatched subcell pmos_3p3_M6SUKR#0 in circuit comple_pico.spice (0)(44 instances)
Flattening unmatched subcell Non_Ovl_CLK_Gen_Layout in circuit comple_pico.spice (0)(6 instances)
Flattening unmatched subcell Inv_16x_Layout in circuit comple_pico.spice (0)(36 instances)
Flattening unmatched subcell nmos_3p3_T3QPFJ in circuit comple_pico.spice (0)(36 instances)
Flattening unmatched subcell pmos_3p3_HYFKQ3 in circuit comple_pico.spice (0)(36 instances)
Flattening unmatched subcell Inverter_Layout in circuit comple_pico.spice (0)(18 instances)
Flattening unmatched subcell nfet_03v3_NULYT4 in circuit comple_pico.spice (0)(18 instances)
Flattening unmatched subcell pmos_3p3_MNVUAR in circuit comple_pico.spice (0)(18 instances)
Flattening unmatched subcell NOR_Layout in circuit comple_pico.spice (0)(12 instances)
Flattening unmatched subcell pmos_3p3_MEVUAR in circuit comple_pico.spice (0)(24 instances)
Flattening unmatched subcell nmos_3p3_GGGST2#0 in circuit comple_pico.spice (0)(24 instances)
Flattening unmatched subcell PGA_block_mag in circuit comple_pico.spice (0)(1 instance)
Flattening unmatched subcell TG_5x_Layout in circuit comple_pico.spice (0)(12 instances)
Flattening unmatched subcell nmos_3p3_FGGST2 in circuit comple_pico.spice (0)(12 instances)
Flattening unmatched subcell pmos_3p3_MN2VAR in circuit comple_pico.spice (0)(12 instances)
Flattening unmatched subcell Inverter_Layout in circuit comple_pico.spice (0)(12 instances)
Flattening unmatched subcell nfet_03v3_NULYT4 in circuit comple_pico.spice (0)(12 instances)
Flattening unmatched subcell pmos_3p3_MNVUAR in circuit comple_pico.spice (0)(12 instances)
Flattening unmatched subcell Folded_Diff_Op_Amp_Layout in circuit comple_pico.spice (0)(1 instance)
Flattening unmatched subcell pmos_3p3_ME7U2H in circuit comple_pico.spice (0)(32 instances)
Flattening unmatched subcell pmos_3p3_MA2VAR in circuit comple_pico.spice (0)(112 instances)
Flattening unmatched subcell nmos_3p3_876RT2 in circuit comple_pico.spice (0)(12 instances)
Flattening unmatched subcell nmos_3p3_3A6RT2 in circuit comple_pico.spice (0)(27 instances)
Flattening unmatched subcell nmos_3p3_7WQWW2 in circuit comple_pico.spice (0)(36 instances)
Flattening unmatched subcell pmos_3p3_M22VAR in circuit comple_pico.spice (0)(196 instances)
Flattening unmatched subcell pmos_3p3_MNS6FR in circuit comple_pico.spice (0)(18 instances)
Flattening unmatched subcell nmos_3p3_M86RTJ in circuit comple_pico.spice (0)(72 instances)
Flattening unmatched subcell nmos_3p3_276RTJ in circuit comple_pico.spice (0)(54 instances)
Flattening unmatched subcell nmos_3p3_2F3WC4 in circuit comple_pico.spice (0)(2 instances)
Flattening unmatched subcell ppolyf_u_2VJWHK in circuit comple_pico.spice (0)(8 instances)
Flattening unmatched subcell nmos_3p3_NE3WC4 in circuit comple_pico.spice (0)(3 instances)
Flattening unmatched subcell nmos_3p3_EA6RT2 in circuit comple_pico.spice (0)(7 instances)
Flattening unmatched subcell pmos_3p3_5L6RD7 in circuit comple_pico.spice (0)(2 instances)
Flattening unmatched subcell nmos_3p3_S75EG7 in circuit comple_pico.spice (0)(1 instance)
Flattening unmatched subcell nmos_3p3_5J7TC4 in circuit comple_pico.spice (0)(2 instances)
Flattening unmatched subcell pmos_3p3_MYZUAR in circuit comple_pico.spice (0)(7 instances)
Flattening unmatched subcell pmos_3p3_MAEVAR in circuit comple_pico.spice (0)(1 instance)
Flattening unmatched subcell pmos_3p3_MES6FR in circuit comple_pico.spice (0)(24 instances)
Flattening unmatched subcell pmos_3p3_RKK9DS in circuit comple_pico.spice (0)(1 instance)
Flattening unmatched subcell cap_mim_2p0fF_3FUNHB in circuit comple_pico.spice (0)(2 instances)
Flattening unmatched subcell pmos_3p3_5UYQD7 in circuit comple_pico.spice (0)(1 instance)
Flattening unmatched subcell pmos_3p3_5LZQD7 in circuit comple_pico.spice (0)(2 instances)
Flattening unmatched subcell pmos_3p3_5C3RD7 in circuit comple_pico.spice (0)(1 instance)
Flattening unmatched subcell pmos_3p3_HMY8L7 in circuit comple_pico.spice (0)(1 instance)
Flattening unmatched subcell pmos_3p3_K823KY in circuit comple_pico.spice (0)(1 instance)
Flattening unmatched subcell nmos_3p3_JE3WC4 in circuit comple_pico.spice (0)(2 instances)
Flattening unmatched subcell nmos_3p3_U56RT2 in circuit comple_pico.spice (0)(1 instance)
Flattening unmatched subcell ppolyf_u_2V2ZHK in circuit comple_pico.spice (0)(8 instances)
Flattening unmatched subcell nmos_3p3_UUQWW2 in circuit comple_pico.spice (0)(48 instances)
Flattening unmatched subcell pmos_3p3_M2NNAR in circuit comple_pico.spice (0)(2 instances)
Flattening unmatched subcell pmos_3p3_MQ2VAR in circuit comple_pico.spice (0)(2 instances)
Flattening unmatched subcell pmos_3p3_MN7U2H in circuit comple_pico.spice (0)(24 instances)
Flattening unmatched subcell ppolyf_u_RRG95T in circuit comple_pico.spice (0)(2 instances)
Flattening unmatched subcell nmos_3p3_FSHHD6 in circuit comple_pico.spice (0)(1 instance)
Flattening unmatched subcell nmos_3p3_V56RT2 in circuit comple_pico.spice (0)(1 instance)
Flattening unmatched subcell pmos_3p3_HDY8L7 in circuit comple_pico.spice (0)(2 instances)
Flattening unmatched subcell pmos_3p3_Q3NTJU in circuit comple_pico.spice (0)(1 instance)
Flattening unmatched subcell nmos_3p3_QNHHD6 in circuit comple_pico.spice (0)(1 instance)
Flattening unmatched subcell pfet_03v3_6DHECV in circuit comple_pico.spice (0)(1 instance)
Flattening unmatched subcell nmos_3p3_6F3WC4 in circuit comple_pico.spice (0)(3 instances)
Flattening unmatched subcell ppolyf_u_RKG95T in circuit comple_pico.spice (0)(4 instances)
Flattening unmatched subcell nmos_3p3_BSHHD6 in circuit comple_pico.spice (0)(1 instance)
Flattening unmatched subcell pmos_3p3_MANNAR in circuit comple_pico.spice (0)(2 instances)
Flattening unmatched subcell pmos_3p3_MEKUKR in circuit comple_pico.spice (0)(2 instances)
Flattening unmatched subcell nmos_3p3_3AEFT2 in circuit comple_pico.spice (0)(1 instance)
Flattening unmatched subcell pmos_3p3_M82RNG in circuit comple_pico.spice (0)(2 instances)
Flattening unmatched subcell resistor_PGA_new in circuit comple_pico.spice (0)(4 instances)
Flattening unmatched subcell ppolyf_u_W5AMT6 in circuit comple_pico.spice (0)(16 instances)
Flattening unmatched subcell PGA_Dec_Layout in circuit comple_pico.spice (0)(1 instance)
Flattening unmatched subcell AND_3_In_Layout in circuit comple_pico.spice (0)(5 instances)
Flattening unmatched subcell nmos_3p3_JCGST2 in circuit comple_pico.spice (0)(15 instances)
Flattening unmatched subcell nfet_03v3_NULYT4 in circuit comple_pico.spice (0)(5 instances)
Flattening unmatched subcell pmos_3p3_MNVUAR in circuit comple_pico.spice (0)(20 instances)
Flattening unmatched subcell AND_2_In_Layout in circuit comple_pico.spice (0)(1 instance)
Flattening unmatched subcell nmos_3p3_GGGST2 in circuit comple_pico.spice (0)(1 instance)
Flattening unmatched subcell pmos_3p3_MNVUAR in circuit comple_pico.spice (0)(3 instances)
Flattening unmatched subcell nmos_3p3_BGGST2 in circuit comple_pico.spice (0)(2 instances)
Flattening unmatched subcell OR_2_In_Layout in circuit comple_pico.spice (0)(1 instance)
Flattening unmatched subcell pmos_3p3_MEVUAR in circuit comple_pico.spice (0)(2 instances)
Flattening unmatched subcell nmos_3p3_GGGST2 in circuit comple_pico.spice (0)(3 instances)
Flattening unmatched subcell pmos_3p3_MNVUAR in circuit comple_pico.spice (0)(1 instance)
Flattening unmatched subcell Inverter_Layout in circuit comple_pico.spice (0)(3 instances)
Flattening unmatched subcell nfet_03v3_NULYT4 in circuit comple_pico.spice (0)(3 instances)
Flattening unmatched subcell pmos_3p3_MNVUAR in circuit comple_pico.spice (0)(3 instances)
Flattening unmatched subcell muxWnon-ovpclk in circuit comple_PICOsch.spice (1)(2 instances)
Flattening unmatched subcell Transmission_Gate in circuit comple_PICOsch.spice (1)(44 instances)
Flattening unmatched subcell Non_Overlapping_clk in circuit comple_PICOsch.spice (1)(6 instances)
Flattening unmatched subcell Inverter in circuit comple_PICOsch.spice (1)(18 instances)
Flattening unmatched subcell INV_16x in circuit comple_PICOsch.spice (1)(36 instances)
Flattening unmatched subcell NOR in circuit comple_PICOsch.spice (1)(12 instances)
Flattening unmatched subcell transimpedence_block in circuit comple_PICOsch.spice (1)(1 instance)
Flattening unmatched subcell Transmission_Gate in circuit comple_PICOsch.spice (1)(10 instances)
Flattening unmatched subcell resis_7_5k in circuit comple_PICOsch.spice (1)(10 instances)
Flattening unmatched subcell folded_single in circuit comple_PICOsch.spice (1)(2 instances)
Flattening unmatched subcell Folded_Cascode_Diff in circuit comple_PICOsch.spice (1)(1 instance)
Flattening unmatched subcell PGA_block_ppoly in circuit comple_PICOsch.spice (1)(1 instance)
Flattening unmatched subcell resis_PGA in circuit comple_PICOsch.spice (1)(4 instances)
Flattening unmatched subcell Transmission_Gate_5x in circuit comple_PICOsch.spice (1)(12 instances)
Flattening unmatched subcell Inverter in circuit comple_PICOsch.spice (1)(12 instances)
Flattening unmatched subcell Folded_Cascode_Diff in circuit comple_PICOsch.spice (1)(1 instance)
Flattening unmatched subcell PGA_Decoder in circuit comple_PICOsch.spice (1)(1 instance)
Flattening unmatched subcell AND_2_Input in circuit comple_PICOsch.spice (1)(1 instance)
Flattening unmatched subcell AND_3_Input in circuit comple_PICOsch.spice (1)(5 instances)
Flattening unmatched subcell Inverter in circuit comple_PICOsch.spice (1)(3 instances)
Flattening unmatched subcell OR_2_Input in circuit comple_PICOsch.spice (1)(1 instance)

Class comple_pico.spice (0):  Merged 6357 parallel devices.
Class comple_pico.spice (0):  Merged 419 series devices.
Class comple_pico.spice (0):  Merged 14 parallel devices.
Class comple_PICOsch.spice (1):  Merged 170 parallel devices.
Class comple_PICOsch.spice (1):  Merged 419 series devices.
Class comple_PICOsch.spice (1):  Merged 14 parallel devices.
Subcircuit summary:
Circuit 1: comple_pico.spice               |Circuit 2: comple_PICOsch.spice            
-------------------------------------------|-------------------------------------------
nfet_03v3 (2994->325)                      |nfet_03v3 (341->325)                       
ppolyf_u (575->45)                         |ppolyf_u (563->45)                         
pfet_03v3 (3916->331)                      |pfet_03v3 (398->331)                       
cap_mim_2f0_m4m5_noshield (12->6)          |cap_mim_2f0_m4m5_noshield (12->6)          
Number of devices: 707                     |Number of devices: 707                     
Number of nets: 350                        |Number of nets: 350                        
---------------------------------------------------------------------------------------
Resolving symmetries by property value.
Resolving symmetries by pin name.
Netlists match with 8 symmetries.
Cells have no pins;  pin matching not needed.
Device classes comple_pico.spice and comple_PICOsch.spice are equivalent.

Final result: Circuits match uniquely.
.
