
Circuit 1 cell nfet_03v3 and Circuit 2 cell nfet_03v3 are black boxes.
Equate elements:  no current cell.
Device classes nfet_03v3 and nfet_03v3 are equivalent.

Circuit 1 cell pfet_03v3 and Circuit 2 cell pfet_03v3 are black boxes.
Equate elements:  no current cell.
Device classes pfet_03v3 and pfet_03v3 are equivalent.
Flattening unmatched subcell Transmission_Gate_Layout_mux in circuit mux_mag2.spice (0)(22 instances)
Flattening unmatched subcell pmos_3p3_METUKR in circuit mux_mag2.spice (0)(22 instances)
Flattening unmatched subcell nmos_3p3_RZHRT2 in circuit mux_mag2.spice (0)(22 instances)
Flattening unmatched subcell nmos_3p3_Y4JRT2 in circuit mux_mag2.spice (0)(22 instances)
Flattening unmatched subcell pmos_3p3_M6SUKR in circuit mux_mag2.spice (0)(22 instances)
Flattening unmatched subcell Non_Ovl_CLK_Gen_Layout in circuit mux_mag2.spice (0)(3 instances)
Flattening unmatched subcell Inv_16x_Layout in circuit mux_mag2.spice (0)(18 instances)
Flattening unmatched subcell nmos_3p3_T3QPFJ in circuit mux_mag2.spice (0)(18 instances)
Flattening unmatched subcell pmos_3p3_HYFKQ3 in circuit mux_mag2.spice (0)(18 instances)
Flattening unmatched subcell Inverter_Layout in circuit mux_mag2.spice (0)(9 instances)
Flattening unmatched subcell nfet_03v3_NULYT4 in circuit mux_mag2.spice (0)(9 instances)
Flattening unmatched subcell pmos_3p3_MNVUAR in circuit mux_mag2.spice (0)(9 instances)
Flattening unmatched subcell NOR_Layout in circuit mux_mag2.spice (0)(6 instances)
Flattening unmatched subcell pmos_3p3_MEVUAR in circuit mux_mag2.spice (0)(12 instances)
Flattening unmatched subcell nmos_3p3_GGGST2 in circuit mux_mag2.spice (0)(12 instances)
Flattening unmatched subcell Transmission_Gate in circuit mux_sch.spice (1)(22 instances)
Flattening unmatched subcell Non_Overlapping_clk in circuit mux_sch.spice (1)(3 instances)
Flattening unmatched subcell Inverter in circuit mux_sch.spice (1)(9 instances)
Flattening unmatched subcell INV_16x in circuit mux_sch.spice (1)(18 instances)
Flattening unmatched subcell NOR in circuit mux_sch.spice (1)(6 instances)

Class mux_mag2.spice (0):  Merged 1112 parallel devices.
Subcircuit summary:
Circuit 1: mux_mag2.spice                  |Circuit 2: mux_sch.spice                   
-------------------------------------------|-------------------------------------------
pfet_03v3 (645->83)                        |pfet_03v3 (83)                             
nfet_03v3 (633->83)                        |nfet_03v3 (83)                             
Number of devices: 166                     |Number of devices: 166                     
Number of nets: 90                         |Number of nets: 90                         
---------------------------------------------------------------------------------------
Netlists match uniquely.
Cells have no pins;  pin matching not needed.
Device classes mux_mag2.spice and mux_sch.spice are equivalent.

Final result: Circuits match uniquely.
.
