
Circuit 1 cell nfet_03v3 and Circuit 2 cell nfet_03v3 are black boxes.
Equate elements:  no current cell.
Device classes nfet_03v3 and nfet_03v3 are equivalent.

Circuit 1 cell pfet_03v3 and Circuit 2 cell pfet_03v3 are black boxes.
Equate elements:  no current cell.
Device classes pfet_03v3 and pfet_03v3 are equivalent.

Circuit 1 cell ppolyf_u and Circuit 2 cell ppolyf_u are black boxes.
Equate elements:  no current cell.
Device classes ppolyf_u and ppolyf_u are equivalent.

Circuit 1 cell cap_mim_2f0_m4m5_noshield and Circuit 2 cell cap_mim_2f0_m4m5_noshield are black boxes.
Equate elements:  no current cell.
Device classes cap_mim_2f0_m4m5_noshield and cap_mim_2f0_m4m5_noshield are equivalent.
Flattening unmatched subcell TG_5x_Layout in circuit PGA_block_mag.spice (0)(12 instances)
Flattening unmatched subcell nmos_3p3_FGGST2 in circuit PGA_block_mag.spice (0)(12 instances)
Flattening unmatched subcell pmos_3p3_MN2VAR in circuit PGA_block_mag.spice (0)(12 instances)
Flattening unmatched subcell Inverter_Layout in circuit PGA_block_mag.spice (0)(12 instances)
Flattening unmatched subcell nfet_03v3_NULYT4 in circuit PGA_block_mag.spice (0)(12 instances)
Flattening unmatched subcell pmos_3p3_MNVUAR in circuit PGA_block_mag.spice (0)(12 instances)
Flattening unmatched subcell Folded_Diff_Op_Amp_Layout in circuit PGA_block_mag.spice (0)(1 instance)
Flattening unmatched subcell pmos_3p3_ME7U2H in circuit PGA_block_mag.spice (0)(32 instances)
Flattening unmatched subcell pmos_3p3_MA2VAR in circuit PGA_block_mag.spice (0)(112 instances)
Flattening unmatched subcell nmos_3p3_876RT2 in circuit PGA_block_mag.spice (0)(12 instances)
Flattening unmatched subcell nmos_3p3_3A6RT2 in circuit PGA_block_mag.spice (0)(27 instances)
Flattening unmatched subcell nmos_3p3_7WQWW2 in circuit PGA_block_mag.spice (0)(36 instances)
Flattening unmatched subcell pmos_3p3_M22VAR in circuit PGA_block_mag.spice (0)(196 instances)
Flattening unmatched subcell pmos_3p3_MNS6FR in circuit PGA_block_mag.spice (0)(18 instances)
Flattening unmatched subcell nmos_3p3_276RTJ in circuit PGA_block_mag.spice (0)(54 instances)
Flattening unmatched subcell nmos_3p3_M86RTJ in circuit PGA_block_mag.spice (0)(72 instances)
Flattening unmatched subcell nmos_3p3_2F3WC4 in circuit PGA_block_mag.spice (0)(2 instances)
Flattening unmatched subcell nmos_3p3_NE3WC4 in circuit PGA_block_mag.spice (0)(3 instances)
Flattening unmatched subcell ppolyf_u_2VJWHK in circuit PGA_block_mag.spice (0)(8 instances)
Flattening unmatched subcell nmos_3p3_EA6RT2 in circuit PGA_block_mag.spice (0)(7 instances)
Flattening unmatched subcell pmos_3p3_5L6RD7 in circuit PGA_block_mag.spice (0)(2 instances)
Flattening unmatched subcell nmos_3p3_S75EG7 in circuit PGA_block_mag.spice (0)(1 instance)
Flattening unmatched subcell nmos_3p3_5J7TC4 in circuit PGA_block_mag.spice (0)(2 instances)
Flattening unmatched subcell pmos_3p3_MYZUAR in circuit PGA_block_mag.spice (0)(7 instances)
Flattening unmatched subcell pmos_3p3_MAEVAR in circuit PGA_block_mag.spice (0)(1 instance)
Flattening unmatched subcell pmos_3p3_MES6FR in circuit PGA_block_mag.spice (0)(24 instances)
Flattening unmatched subcell pmos_3p3_RKK9DS in circuit PGA_block_mag.spice (0)(1 instance)
Flattening unmatched subcell cap_mim_2p0fF_3FUNHB in circuit PGA_block_mag.spice (0)(2 instances)
Flattening unmatched subcell pmos_3p3_5UYQD7 in circuit PGA_block_mag.spice (0)(1 instance)
Flattening unmatched subcell pmos_3p3_5LZQD7 in circuit PGA_block_mag.spice (0)(2 instances)
Flattening unmatched subcell pmos_3p3_5C3RD7 in circuit PGA_block_mag.spice (0)(1 instance)
Flattening unmatched subcell pmos_3p3_HMY8L7 in circuit PGA_block_mag.spice (0)(1 instance)
Flattening unmatched subcell pmos_3p3_K823KY in circuit PGA_block_mag.spice (0)(1 instance)
Flattening unmatched subcell nmos_3p3_JE3WC4 in circuit PGA_block_mag.spice (0)(2 instances)
Flattening unmatched subcell nmos_3p3_U56RT2 in circuit PGA_block_mag.spice (0)(1 instance)
Flattening unmatched subcell ppolyf_u_2V2ZHK in circuit PGA_block_mag.spice (0)(8 instances)
Flattening unmatched subcell nmos_3p3_UUQWW2 in circuit PGA_block_mag.spice (0)(48 instances)
Flattening unmatched subcell pmos_3p3_M2NNAR in circuit PGA_block_mag.spice (0)(2 instances)
Flattening unmatched subcell pmos_3p3_MQ2VAR in circuit PGA_block_mag.spice (0)(2 instances)
Flattening unmatched subcell pmos_3p3_MN7U2H in circuit PGA_block_mag.spice (0)(24 instances)
Flattening unmatched subcell ppolyf_u_RRG95T in circuit PGA_block_mag.spice (0)(2 instances)
Flattening unmatched subcell nmos_3p3_FSHHD6 in circuit PGA_block_mag.spice (0)(1 instance)
Flattening unmatched subcell nmos_3p3_V56RT2 in circuit PGA_block_mag.spice (0)(1 instance)
Flattening unmatched subcell pmos_3p3_HDY8L7 in circuit PGA_block_mag.spice (0)(2 instances)
Flattening unmatched subcell pmos_3p3_Q3NTJU in circuit PGA_block_mag.spice (0)(1 instance)
Flattening unmatched subcell nmos_3p3_QNHHD6 in circuit PGA_block_mag.spice (0)(1 instance)
Flattening unmatched subcell pfet_03v3_6DHECV in circuit PGA_block_mag.spice (0)(1 instance)
Flattening unmatched subcell nmos_3p3_6F3WC4 in circuit PGA_block_mag.spice (0)(3 instances)
Flattening unmatched subcell ppolyf_u_RKG95T in circuit PGA_block_mag.spice (0)(4 instances)
Flattening unmatched subcell nmos_3p3_BSHHD6 in circuit PGA_block_mag.spice (0)(1 instance)
Flattening unmatched subcell pmos_3p3_MANNAR in circuit PGA_block_mag.spice (0)(2 instances)
Flattening unmatched subcell pmos_3p3_MEKUKR in circuit PGA_block_mag.spice (0)(2 instances)
Flattening unmatched subcell nmos_3p3_3AEFT2 in circuit PGA_block_mag.spice (0)(1 instance)
Flattening unmatched subcell pmos_3p3_M82RNG in circuit PGA_block_mag.spice (0)(2 instances)
Flattening unmatched subcell resistor_PGA_new in circuit PGA_block_mag.spice (0)(4 instances)
Flattening unmatched subcell ppolyf_u_W5AMT6 in circuit PGA_block_mag.spice (0)(16 instances)
Flattening unmatched subcell PGA_Dec_Layout in circuit PGA_block_mag.spice (0)(1 instance)
Flattening unmatched subcell AND_3_In_Layout in circuit PGA_block_mag.spice (0)(5 instances)
Flattening unmatched subcell nmos_3p3_JCGST2 in circuit PGA_block_mag.spice (0)(15 instances)
Flattening unmatched subcell nfet_03v3_NULYT4 in circuit PGA_block_mag.spice (0)(5 instances)
Flattening unmatched subcell pmos_3p3_MNVUAR in circuit PGA_block_mag.spice (0)(20 instances)
Flattening unmatched subcell AND_2_In_Layout in circuit PGA_block_mag.spice (0)(1 instance)
Flattening unmatched subcell nmos_3p3_GGGST2 in circuit PGA_block_mag.spice (0)(1 instance)
Flattening unmatched subcell pmos_3p3_MNVUAR in circuit PGA_block_mag.spice (0)(3 instances)
Flattening unmatched subcell nmos_3p3_BGGST2 in circuit PGA_block_mag.spice (0)(2 instances)
Flattening unmatched subcell OR_2_In_Layout in circuit PGA_block_mag.spice (0)(1 instance)
Flattening unmatched subcell pmos_3p3_MEVUAR in circuit PGA_block_mag.spice (0)(2 instances)
Flattening unmatched subcell nmos_3p3_GGGST2 in circuit PGA_block_mag.spice (0)(3 instances)
Flattening unmatched subcell pmos_3p3_MNVUAR in circuit PGA_block_mag.spice (0)(1 instance)
Flattening unmatched subcell Inverter_Layout in circuit PGA_block_mag.spice (0)(3 instances)
Flattening unmatched subcell nfet_03v3_NULYT4 in circuit PGA_block_mag.spice (0)(3 instances)
Flattening unmatched subcell pmos_3p3_MNVUAR in circuit PGA_block_mag.spice (0)(3 instances)
Flattening unmatched subcell resis_PGA in circuit PGA_block_ppoly.spice (1)(4 instances)
Flattening unmatched subcell Transmission_Gate_5x in circuit PGA_block_ppoly.spice (1)(12 instances)
Flattening unmatched subcell Inverter in circuit PGA_block_ppoly.spice (1)(12 instances)
Flattening unmatched subcell Folded_Cascode_Diff in circuit PGA_block_ppoly.spice (1)(1 instance)
Flattening unmatched subcell PGA_Decoder in circuit PGA_block_ppoly.spice (1)(1 instance)
Flattening unmatched subcell AND_2_Input in circuit PGA_block_ppoly.spice (1)(1 instance)
Flattening unmatched subcell AND_3_Input in circuit PGA_block_ppoly.spice (1)(5 instances)
Flattening unmatched subcell Inverter in circuit PGA_block_ppoly.spice (1)(3 instances)
Flattening unmatched subcell OR_2_Input in circuit PGA_block_ppoly.spice (1)(1 instance)

Class PGA_block_mag.spice (0):  Merged 1431 parallel devices.
Class PGA_block_mag.spice (0):  Merged 350 series devices.
Class PGA_block_mag.spice (0):  Merged 14 parallel devices.
Class PGA_block_ppoly.spice (1):  Merged 91 parallel devices.
Class PGA_block_ppoly.spice (1):  Merged 350 series devices.
Class PGA_block_ppoly.spice (1):  Merged 14 parallel devices.
Subcircuit summary:
Circuit 1: PGA_block_mag.spice             |Circuit 2: PGA_block_ppoly.spice           
-------------------------------------------|-------------------------------------------
nfet_03v3 (604->76)                        |nfet_03v3 (85->76)                         
pfet_03v3 (920->78)                        |pfet_03v3 (105->78)                        
ppolyf_u (452->29)                         |ppolyf_u (446->29)                         
cap_mim_2f0_m4m5_noshield (4->2)           |cap_mim_2f0_m4m5_noshield (4->2)           
Number of devices: 185                     |Number of devices: 185                     
Number of nets: 93                         |Number of nets: 93                         
---------------------------------------------------------------------------------------
Resolving symmetries by property value.
Resolving symmetries by pin name.
Netlists match uniquely.
Cells have no pins;  pin matching not needed.
Device classes PGA_block_mag.spice and PGA_block_ppoly.spice are equivalent.

Final result: Circuits match uniquely.
.
